Using tensorboardX
Training Chunk Sizes: [4]
The output will be saved to  /home/fatih/phd/FairCenterMOT/src/lib/../../exp/mot/mot20-sompt22
Setting up data...
Dataset Root: /home/fatih/phd/FairCenterMOT/src/data
Loading cached ID Dict...
0
* Total 535904 IDs of pedestrian
* Start index of dataset mot20-sompt22 class 0 is 0
Heads are Predefined in YOLOX!
opt:
 Namespace(task='mot', dataset='jde', exp_id='mot20-sompt22', val=False, test=False, test_emb=False, test_det=False, start_epoch=1, load_model='/home/fatih/phd/FairCenterMOT/models/model_last.pth', resume=False, gpus=[0], num_workers=12, not_cuda_benchmark=False, seed=tensor(291), gen_scale=True, is_debug=False, print_iter=0, hide_data_time=False, save_all=False, metric='loss', vis_thresh=0.5, arch='yolox', yolo='l', yolo_depth=0.67, yolo_width=0.75, head_conv=256, down_ratio=8, input_res=-1, input_h=-1, input_w=-1, lr=0.0007, lr_step=[2], num_epochs=150, batch_size=4, master_batch_size=4, num_iters=-1, val_intervals=10, trainval=False, augment=True, mosaic=True, input_video='', output_format='video', K=200, not_prefetch_test=False, fix_res=True, keep_res=False, kitti_test=False, test_mot16=False, val_mot15=False, test_mot15=False, val_mot16=False, test_mot17=False, val_mot17=False, val_mot20=False, test_mot20=False, conf_thre=0.4, det_thre=0.4, nms_thre=0.4, track_buffer=30, min_box_area=20, input_mode='video', input_img='/users/duanyou/c5/all_pretrain/test.txt', output_root='../results', data_cfg='/home/fatih/phd/FairCenterMOT/src/lib/cfg/mot20-sompt22.json', data_dir='/hpctmp/e0425991/datasets/bdd100k/bdd100k/MOT', uncertainty_loss=True, detection_only=False, reid_only=False, freeze_backbone=False, l1_loss=False, reg_loss='l1', hm_weight=1, off_weight=1, wh_weight=0.1, id_loss='ce', id_weight=1, reid_dim=128, post_conv_layers=0, input_wh=(1024, 576), multi_scale=False, reid_cls_ids='0', norm_wh=False, dense_wh=False, cat_spec_wh=False, not_reg_offset=False, gpus_str='0', reg_offset=True, pad=31, num_stacks=1, chunk_sizes=[4], root_dir='/home/fatih/phd/FairCenterMOT/src/lib/../..', exp_dir='/home/fatih/phd/FairCenterMOT/src/lib/../../exp/mot', save_dir='/home/fatih/phd/FairCenterMOT/src/lib/../../exp/mot/mot20-sompt22', debug_dir='/home/fatih/phd/FairCenterMOT/src/lib/../../exp/mot/mot20-sompt22/debug', num_classes=1, nID_dict=defaultdict(<class 'int'>, {0: 535904}))
Creating model...
Loading Model from /home/fatih/phd/FairCenterMOT/models/model_last.pth
loaded /home/fatih/phd/FairCenterMOT/models/model_last.pth, epoch 79
Starting training...
/home/fatih/miniconda3/envs/fairmot-x/lib/python3.10/site-packages/torch/functional.py:504: UserWarning: torch.meshgrid: in an upcoming release, it will be required to pass the indexing argument. (Triggered internally at /opt/conda/conda-bld/pytorch_1670525541990/work/aten/src/ATen/native/TensorShape.cpp:3190.)
  return _VF.meshgrid(tensors, **kwargs)  # type: ignore[attr-defined]
Drop LR to 7.000000000000001e-05
No Mosaic from Epoch 15 - Now Using L1 Loss
/opt/conda/conda-bld/pytorch_1670525541990/work/aten/src/ATen/native/cuda/Loss.cu:92: operator(): block: [110,0,0], thread: [32,0,0] Assertion `input_val >= zero && input_val <= one` failed.
/opt/conda/conda-bld/pytorch_1670525541990/work/aten/src/ATen/native/cuda/Loss.cu:92: operator(): block: [110,0,0], thread: [33,0,0] Assertion `input_val >= zero && input_val <= one` failed.
/opt/conda/conda-bld/pytorch_1670525541990/work/aten/src/ATen/native/cuda/Loss.cu:92: operator(): block: [110,0,0], thread: [34,0,0] Assertion `input_val >= zero && input_val <= one` failed.
/opt/conda/conda-bld/pytorch_1670525541990/work/aten/src/ATen/native/cuda/Loss.cu:92: operator(): block: [110,0,0], thread: [35,0,0] Assertion `input_val >= zero && input_val <= one` failed.
/opt/conda/conda-bld/pytorch_1670525541990/work/aten/src/ATen/native/cuda/Loss.cu:92: operator(): block: [110,0,0], thread: [36,0,0] Assertion `input_val >= zero && input_val <= one` failed.
/opt/conda/conda-bld/pytorch_1670525541990/work/aten/src/ATen/native/cuda/Loss.cu:92: operator(): block: [110,0,0], thread: [37,0,0] Assertion `input_val >= zero && input_val <= one` failed.
/opt/conda/conda-bld/pytorch_1670525541990/work/aten/src/ATen/native/cuda/Loss.cu:92: operator(): block: [110,0,0], thread: [38,0,0] Assertion `input_val >= zero && input_val <= one` failed.
/opt/conda/conda-bld/pytorch_1670525541990/work/aten/src/ATen/native/cuda/Loss.cu:92: operator(): block: [110,0,0], thread: [39,0,0] Assertion `input_val >= zero && input_val <= one` failed.
/opt/conda/conda-bld/pytorch_1670525541990/work/aten/src/ATen/native/cuda/Loss.cu:92: operator(): block: [110,0,0], thread: [40,0,0] Assertion `input_val >= zero && input_val <= one` failed.
/opt/conda/conda-bld/pytorch_1670525541990/work/aten/src/ATen/native/cuda/Loss.cu:92: operator(): block: [110,0,0], thread: [41,0,0] Assertion `input_val >= zero && input_val <= one` failed.
/opt/conda/conda-bld/pytorch_1670525541990/work/aten/src/ATen/native/cuda/Loss.cu:92: operator(): block: [110,0,0], thread: [42,0,0] Assertion `input_val >= zero && input_val <= one` failed.
/opt/conda/conda-bld/pytorch_1670525541990/work/aten/src/ATen/native/cuda/Loss.cu:92: operator(): block: [110,0,0], thread: [43,0,0] Assertion `input_val >= zero && input_val <= one` failed.
/opt/conda/conda-bld/pytorch_1670525541990/work/aten/src/ATen/native/cuda/Loss.cu:92: operator(): block: [110,0,0], thread: [44,0,0] Assertion `input_val >= zero && input_val <= one` failed.
/opt/conda/conda-bld/pytorch_1670525541990/work/aten/src/ATen/native/cuda/Loss.cu:92: operator(): block: [110,0,0], thread: [45,0,0] Assertion `input_val >= zero && input_val <= one` failed.
/opt/conda/conda-bld/pytorch_1670525541990/work/aten/src/ATen/native/cuda/Loss.cu:92: operator(): block: [110,0,0], thread: [46,0,0] Assertion `input_val >= zero && input_val <= one` failed.
/opt/conda/conda-bld/pytorch_1670525541990/work/aten/src/ATen/native/cuda/Loss.cu:92: operator(): block: [110,0,0], thread: [47,0,0] Assertion `input_val >= zero && input_val <= one` failed.
/opt/conda/conda-bld/pytorch_1670525541990/work/aten/src/ATen/native/cuda/Loss.cu:92: operator(): block: [110,0,0], thread: [48,0,0] Assertion `input_val >= zero && input_val <= one` failed.
/opt/conda/conda-bld/pytorch_1670525541990/work/aten/src/ATen/native/cuda/Loss.cu:92: operator(): block: [110,0,0], thread: [49,0,0] Assertion `input_val >= zero && input_val <= one` failed.
/opt/conda/conda-bld/pytorch_1670525541990/work/aten/src/ATen/native/cuda/Loss.cu:92: operator(): block: [110,0,0], thread: [50,0,0] Assertion `input_val >= zero && input_val <= one` failed.
/opt/conda/conda-bld/pytorch_1670525541990/work/aten/src/ATen/native/cuda/Loss.cu:92: operator(): block: [110,0,0], thread: [51,0,0] Assertion `input_val >= zero && input_val <= one` failed.
/opt/conda/conda-bld/pytorch_1670525541990/work/aten/src/ATen/native/cuda/Loss.cu:92: operator(): block: [110,0,0], thread: [52,0,0] Assertion `input_val >= zero && input_val <= one` failed.
/opt/conda/conda-bld/pytorch_1670525541990/work/aten/src/ATen/native/cuda/Loss.cu:92: operator(): block: [110,0,0], thread: [53,0,0] Assertion `input_val >= zero && input_val <= one` failed.
/opt/conda/conda-bld/pytorch_1670525541990/work/aten/src/ATen/native/cuda/Loss.cu:92: operator(): block: [110,0,0], thread: [54,0,0] Assertion `input_val >= zero && input_val <= one` failed.
/opt/conda/conda-bld/pytorch_1670525541990/work/aten/src/ATen/native/cuda/Loss.cu:92: operator(): block: [110,0,0], thread: [55,0,0] Assertion `input_val >= zero && input_val <= one` failed.
/opt/conda/conda-bld/pytorch_1670525541990/work/aten/src/ATen/native/cuda/Loss.cu:92: operator(): block: [110,0,0], thread: [56,0,0] Assertion `input_val >= zero && input_val <= one` failed.
/opt/conda/conda-bld/pytorch_1670525541990/work/aten/src/ATen/native/cuda/Loss.cu:92: operator(): block: [110,0,0], thread: [57,0,0] Assertion `input_val >= zero && input_val <= one` failed.
/opt/conda/conda-bld/pytorch_1670525541990/work/aten/src/ATen/native/cuda/Loss.cu:92: operator(): block: [110,0,0], thread: [58,0,0] Assertion `input_val >= zero && input_val <= one` failed.
/opt/conda/conda-bld/pytorch_1670525541990/work/aten/src/ATen/native/cuda/Loss.cu:92: operator(): block: [110,0,0], thread: [59,0,0] Assertion `input_val >= zero && input_val <= one` failed.
/opt/conda/conda-bld/pytorch_1670525541990/work/aten/src/ATen/native/cuda/Loss.cu:92: operator(): block: [110,0,0], thread: [60,0,0] Assertion `input_val >= zero && input_val <= one` failed.
/opt/conda/conda-bld/pytorch_1670525541990/work/aten/src/ATen/native/cuda/Loss.cu:92: operator(): block: [110,0,0], thread: [61,0,0] Assertion `input_val >= zero && input_val <= one` failed.
/opt/conda/conda-bld/pytorch_1670525541990/work/aten/src/ATen/native/cuda/Loss.cu:92: operator(): block: [110,0,0], thread: [62,0,0] Assertion `input_val >= zero && input_val <= one` failed.
/opt/conda/conda-bld/pytorch_1670525541990/work/aten/src/ATen/native/cuda/Loss.cu:92: operator(): block: [110,0,0], thread: [63,0,0] Assertion `input_val >= zero && input_val <= one` failed.
experiments/train_mot20-sompt22.sh: line 8: 17940 Aborted                 (core dumped) python ./src/train.py mot --exp_id mot20-sompt22 --yolo_depth 0.67 --yolo_width 0.75 --lr 7e-4 --lr_step 2 --reid_dim 128 --augment --mosaic --load_model /home/fatih/phd/FairCenterMOT/models/model_last.pth --batch_size 4 --gpus 0 --data_cfg /home/fatih/phd/FairCenterMOT/src/lib/cfg/mot20-sompt22.json --reid_cls_id 0 --num_epochs 150 --num_workers 12
Using tensorboardX
Training Chunk Sizes: [4]
The output will be saved to  /home/fatih/phd/FairCenterMOT/src/lib/../../exp/mot/mot20-sompt22
Setting up data...
Dataset Root: /home/fatih/phd/FairCenterMOT/src/data
Loading cached ID Dict...
0
* Total 535904 IDs of pedestrian
* Start index of dataset mot20-sompt22 class 0 is 0
Heads are Predefined in YOLOX!
opt:
 Namespace(task='mot', dataset='jde', exp_id='mot20-sompt22', val=False, test=False, test_emb=False, test_det=False, start_epoch=1, load_model='/home/fatih/phd/FairCenterMOT/models/model_last.pth', resume=False, gpus=[0], num_workers=8, not_cuda_benchmark=False, seed=tensor(102), gen_scale=True, is_debug=False, print_iter=0, hide_data_time=False, save_all=False, metric='loss', vis_thresh=0.5, arch='yolox', yolo='l', yolo_depth=0.67, yolo_width=0.75, head_conv=256, down_ratio=8, input_res=-1, input_h=-1, input_w=-1, lr=0.0007, lr_step=[2], num_epochs=90, batch_size=4, master_batch_size=4, num_iters=-1, val_intervals=10, trainval=False, augment=True, mosaic=True, input_video='', output_format='video', K=200, not_prefetch_test=False, fix_res=True, keep_res=False, kitti_test=False, test_mot16=False, val_mot15=False, test_mot15=False, val_mot16=False, test_mot17=False, val_mot17=False, val_mot20=False, test_mot20=False, conf_thre=0.4, det_thre=0.4, nms_thre=0.4, track_buffer=30, min_box_area=20, input_mode='video', input_img='/users/duanyou/c5/all_pretrain/test.txt', output_root='../results', data_cfg='/home/fatih/phd/FairCenterMOT/src/lib/cfg/mot20-sompt22.json', data_dir='/hpctmp/e0425991/datasets/bdd100k/bdd100k/MOT', uncertainty_loss=True, detection_only=False, reid_only=False, freeze_backbone=False, l1_loss=False, reg_loss='l1', hm_weight=1, off_weight=1, wh_weight=0.1, id_loss='ce', id_weight=1, reid_dim=128, post_conv_layers=0, input_wh=(1024, 576), multi_scale=False, reid_cls_ids='0', norm_wh=False, dense_wh=False, cat_spec_wh=False, not_reg_offset=False, gpus_str='0', reg_offset=True, pad=31, num_stacks=1, chunk_sizes=[4], root_dir='/home/fatih/phd/FairCenterMOT/src/lib/../..', exp_dir='/home/fatih/phd/FairCenterMOT/src/lib/../../exp/mot', save_dir='/home/fatih/phd/FairCenterMOT/src/lib/../../exp/mot/mot20-sompt22', debug_dir='/home/fatih/phd/FairCenterMOT/src/lib/../../exp/mot/mot20-sompt22/debug', num_classes=1, nID_dict=defaultdict(<class 'int'>, {0: 535904}))
Creating model...
Loading Model from /home/fatih/phd/FairCenterMOT/models/model_last.pth
loaded /home/fatih/phd/FairCenterMOT/models/model_last.pth, epoch 79
Starting training...
/home/fatih/miniconda3/envs/fairmot-x/lib/python3.10/site-packages/torch/functional.py:504: UserWarning: torch.meshgrid: in an upcoming release, it will be required to pass the indexing argument. (Triggered internally at /opt/conda/conda-bld/pytorch_1670525541990/work/aten/src/ATen/native/TensorShape.cpp:3190.)
  return _VF.meshgrid(tensors, **kwargs)  # type: ignore[attr-defined]
Drop LR to 7.000000000000001e-05
No Mosaic from Epoch 15 - Now Using L1 Loss
/opt/conda/conda-bld/pytorch_1670525541990/work/aten/src/ATen/native/cuda/Loss.cu:92: operator(): block: [224,0,0], thread: [32,0,0] Assertion `input_val >= zero && input_val <= one` failed.
/opt/conda/conda-bld/pytorch_1670525541990/work/aten/src/ATen/native/cuda/Loss.cu:92: operator(): block: [224,0,0], thread: [33,0,0] Assertion `input_val >= zero && input_val <= one` failed.
/opt/conda/conda-bld/pytorch_1670525541990/work/aten/src/ATen/native/cuda/Loss.cu:92: operator(): block: [224,0,0], thread: [34,0,0] Assertion `input_val >= zero && input_val <= one` failed.
/opt/conda/conda-bld/pytorch_1670525541990/work/aten/src/ATen/native/cuda/Loss.cu:92: operator(): block: [224,0,0], thread: [35,0,0] Assertion `input_val >= zero && input_val <= one` failed.
/opt/conda/conda-bld/pytorch_1670525541990/work/aten/src/ATen/native/cuda/Loss.cu:92: operator(): block: [224,0,0], thread: [36,0,0] Assertion `input_val >= zero && input_val <= one` failed.
/opt/conda/conda-bld/pytorch_1670525541990/work/aten/src/ATen/native/cuda/Loss.cu:92: operator(): block: [224,0,0], thread: [37,0,0] Assertion `input_val >= zero && input_val <= one` failed.
/opt/conda/conda-bld/pytorch_1670525541990/work/aten/src/ATen/native/cuda/Loss.cu:92: operator(): block: [224,0,0], thread: [38,0,0] Assertion `input_val >= zero && input_val <= one` failed.
/opt/conda/conda-bld/pytorch_1670525541990/work/aten/src/ATen/native/cuda/Loss.cu:92: operator(): block: [224,0,0], thread: [39,0,0] Assertion `input_val >= zero && input_val <= one` failed.
/opt/conda/conda-bld/pytorch_1670525541990/work/aten/src/ATen/native/cuda/Loss.cu:92: operator(): block: [224,0,0], thread: [40,0,0] Assertion `input_val >= zero && input_val <= one` failed.
/opt/conda/conda-bld/pytorch_1670525541990/work/aten/src/ATen/native/cuda/Loss.cu:92: operator(): block: [224,0,0], thread: [41,0,0] Assertion `input_val >= zero && input_val <= one` failed.
/opt/conda/conda-bld/pytorch_1670525541990/work/aten/src/ATen/native/cuda/Loss.cu:92: operator(): block: [224,0,0], thread: [42,0,0] Assertion `input_val >= zero && input_val <= one` failed.
/opt/conda/conda-bld/pytorch_1670525541990/work/aten/src/ATen/native/cuda/Loss.cu:92: operator(): block: [224,0,0], thread: [43,0,0] Assertion `input_val >= zero && input_val <= one` failed.
/opt/conda/conda-bld/pytorch_1670525541990/work/aten/src/ATen/native/cuda/Loss.cu:92: operator(): block: [224,0,0], thread: [44,0,0] Assertion `input_val >= zero && input_val <= one` failed.
/opt/conda/conda-bld/pytorch_1670525541990/work/aten/src/ATen/native/cuda/Loss.cu:92: operator(): block: [224,0,0], thread: [45,0,0] Assertion `input_val >= zero && input_val <= one` failed.
/opt/conda/conda-bld/pytorch_1670525541990/work/aten/src/ATen/native/cuda/Loss.cu:92: operator(): block: [224,0,0], thread: [46,0,0] Assertion `input_val >= zero && input_val <= one` failed.
/opt/conda/conda-bld/pytorch_1670525541990/work/aten/src/ATen/native/cuda/Loss.cu:92: operator(): block: [224,0,0], thread: [47,0,0] Assertion `input_val >= zero && input_val <= one` failed.
/opt/conda/conda-bld/pytorch_1670525541990/work/aten/src/ATen/native/cuda/Loss.cu:92: operator(): block: [224,0,0], thread: [48,0,0] Assertion `input_val >= zero && input_val <= one` failed.
/opt/conda/conda-bld/pytorch_1670525541990/work/aten/src/ATen/native/cuda/Loss.cu:92: operator(): block: [224,0,0], thread: [49,0,0] Assertion `input_val >= zero && input_val <= one` failed.
/opt/conda/conda-bld/pytorch_1670525541990/work/aten/src/ATen/native/cuda/Loss.cu:92: operator(): block: [224,0,0], thread: [50,0,0] Assertion `input_val >= zero && input_val <= one` failed.
/opt/conda/conda-bld/pytorch_1670525541990/work/aten/src/ATen/native/cuda/Loss.cu:92: operator(): block: [224,0,0], thread: [51,0,0] Assertion `input_val >= zero && input_val <= one` failed.
/opt/conda/conda-bld/pytorch_1670525541990/work/aten/src/ATen/native/cuda/Loss.cu:92: operator(): block: [224,0,0], thread: [52,0,0] Assertion `input_val >= zero && input_val <= one` failed.
/opt/conda/conda-bld/pytorch_1670525541990/work/aten/src/ATen/native/cuda/Loss.cu:92: operator(): block: [224,0,0], thread: [53,0,0] Assertion `input_val >= zero && input_val <= one` failed.
/opt/conda/conda-bld/pytorch_1670525541990/work/aten/src/ATen/native/cuda/Loss.cu:92: operator(): block: [224,0,0], thread: [54,0,0] Assertion `input_val >= zero && input_val <= one` failed.
/opt/conda/conda-bld/pytorch_1670525541990/work/aten/src/ATen/native/cuda/Loss.cu:92: operator(): block: [224,0,0], thread: [55,0,0] Assertion `input_val >= zero && input_val <= one` failed.
/opt/conda/conda-bld/pytorch_1670525541990/work/aten/src/ATen/native/cuda/Loss.cu:92: operator(): block: [224,0,0], thread: [56,0,0] Assertion `input_val >= zero && input_val <= one` failed.
/opt/conda/conda-bld/pytorch_1670525541990/work/aten/src/ATen/native/cuda/Loss.cu:92: operator(): block: [224,0,0], thread: [57,0,0] Assertion `input_val >= zero && input_val <= one` failed.
/opt/conda/conda-bld/pytorch_1670525541990/work/aten/src/ATen/native/cuda/Loss.cu:92: operator(): block: [224,0,0], thread: [58,0,0] Assertion `input_val >= zero && input_val <= one` failed.
/opt/conda/conda-bld/pytorch_1670525541990/work/aten/src/ATen/native/cuda/Loss.cu:92: operator(): block: [224,0,0], thread: [59,0,0] Assertion `input_val >= zero && input_val <= one` failed.
/opt/conda/conda-bld/pytorch_1670525541990/work/aten/src/ATen/native/cuda/Loss.cu:92: operator(): block: [224,0,0], thread: [60,0,0] Assertion `input_val >= zero && input_val <= one` failed.
/opt/conda/conda-bld/pytorch_1670525541990/work/aten/src/ATen/native/cuda/Loss.cu:92: operator(): block: [224,0,0], thread: [61,0,0] Assertion `input_val >= zero && input_val <= one` failed.
/opt/conda/conda-bld/pytorch_1670525541990/work/aten/src/ATen/native/cuda/Loss.cu:92: operator(): block: [224,0,0], thread: [62,0,0] Assertion `input_val >= zero && input_val <= one` failed.
/opt/conda/conda-bld/pytorch_1670525541990/work/aten/src/ATen/native/cuda/Loss.cu:92: operator(): block: [224,0,0], thread: [63,0,0] Assertion `input_val >= zero && input_val <= one` failed.
/opt/conda/conda-bld/pytorch_1670525541990/work/aten/src/ATen/native/cuda/Loss.cu:92: operator(): block: [183,0,0], thread: [96,0,0] Assertion `input_val >= zero && input_val <= one` failed.
/opt/conda/conda-bld/pytorch_1670525541990/work/aten/src/ATen/native/cuda/Loss.cu:92: operator(): block: [183,0,0], thread: [97,0,0] Assertion `input_val >= zero && input_val <= one` failed.
/opt/conda/conda-bld/pytorch_1670525541990/work/aten/src/ATen/native/cuda/Loss.cu:92: operator(): block: [183,0,0], thread: [98,0,0] Assertion `input_val >= zero && input_val <= one` failed.
/opt/conda/conda-bld/pytorch_1670525541990/work/aten/src/ATen/native/cuda/Loss.cu:92: operator(): block: [183,0,0], thread: [99,0,0] Assertion `input_val >= zero && input_val <= one` failed.
/opt/conda/conda-bld/pytorch_1670525541990/work/aten/src/ATen/native/cuda/Loss.cu:92: operator(): block: [183,0,0], thread: [100,0,0] Assertion `input_val >= zero && input_val <= one` failed.
/opt/conda/conda-bld/pytorch_1670525541990/work/aten/src/ATen/native/cuda/Loss.cu:92: operator(): block: [183,0,0], thread: [101,0,0] Assertion `input_val >= zero && input_val <= one` failed.
/opt/conda/conda-bld/pytorch_1670525541990/work/aten/src/ATen/native/cuda/Loss.cu:92: operator(): block: [183,0,0], thread: [102,0,0] Assertion `input_val >= zero && input_val <= one` failed.
/opt/conda/conda-bld/pytorch_1670525541990/work/aten/src/ATen/native/cuda/Loss.cu:92: operator(): block: [183,0,0], thread: [103,0,0] Assertion `input_val >= zero && input_val <= one` failed.
/opt/conda/conda-bld/pytorch_1670525541990/work/aten/src/ATen/native/cuda/Loss.cu:92: operator(): block: [183,0,0], thread: [104,0,0] Assertion `input_val >= zero && input_val <= one` failed.
/opt/conda/conda-bld/pytorch_1670525541990/work/aten/src/ATen/native/cuda/Loss.cu:92: operator(): block: [183,0,0], thread: [105,0,0] Assertion `input_val >= zero && input_val <= one` failed.
/opt/conda/conda-bld/pytorch_1670525541990/work/aten/src/ATen/native/cuda/Loss.cu:92: operator(): block: [183,0,0], thread: [106,0,0] Assertion `input_val >= zero && input_val <= one` failed.
/opt/conda/conda-bld/pytorch_1670525541990/work/aten/src/ATen/native/cuda/Loss.cu:92: operator(): block: [183,0,0], thread: [107,0,0] Assertion `input_val >= zero && input_val <= one` failed.
/opt/conda/conda-bld/pytorch_1670525541990/work/aten/src/ATen/native/cuda/Loss.cu:92: operator(): block: [183,0,0], thread: [108,0,0] Assertion `input_val >= zero && input_val <= one` failed.
/opt/conda/conda-bld/pytorch_1670525541990/work/aten/src/ATen/native/cuda/Loss.cu:92: operator(): block: [183,0,0], thread: [109,0,0] Assertion `input_val >= zero && input_val <= one` failed.
/opt/conda/conda-bld/pytorch_1670525541990/work/aten/src/ATen/native/cuda/Loss.cu:92: operator(): block: [183,0,0], thread: [110,0,0] Assertion `input_val >= zero && input_val <= one` failed.
/opt/conda/conda-bld/pytorch_1670525541990/work/aten/src/ATen/native/cuda/Loss.cu:92: operator(): block: [183,0,0], thread: [111,0,0] Assertion `input_val >= zero && input_val <= one` failed.
/opt/conda/conda-bld/pytorch_1670525541990/work/aten/src/ATen/native/cuda/Loss.cu:92: operator(): block: [183,0,0], thread: [112,0,0] Assertion `input_val >= zero && input_val <= one` failed.
/opt/conda/conda-bld/pytorch_1670525541990/work/aten/src/ATen/native/cuda/Loss.cu:92: operator(): block: [183,0,0], thread: [113,0,0] Assertion `input_val >= zero && input_val <= one` failed.
/opt/conda/conda-bld/pytorch_1670525541990/work/aten/src/ATen/native/cuda/Loss.cu:92: operator(): block: [183,0,0], thread: [114,0,0] Assertion `input_val >= zero && input_val <= one` failed.
/opt/conda/conda-bld/pytorch_1670525541990/work/aten/src/ATen/native/cuda/Loss.cu:92: operator(): block: [183,0,0], thread: [115,0,0] Assertion `input_val >= zero && input_val <= one` failed.
/opt/conda/conda-bld/pytorch_1670525541990/work/aten/src/ATen/native/cuda/Loss.cu:92: operator(): block: [183,0,0], thread: [116,0,0] Assertion `input_val >= zero && input_val <= one` failed.
/opt/conda/conda-bld/pytorch_1670525541990/work/aten/src/ATen/native/cuda/Loss.cu:92: operator(): block: [183,0,0], thread: [117,0,0] Assertion `input_val >= zero && input_val <= one` failed.
/opt/conda/conda-bld/pytorch_1670525541990/work/aten/src/ATen/native/cuda/Loss.cu:92: operator(): block: [183,0,0], thread: [118,0,0] Assertion `input_val >= zero && input_val <= one` failed.
/opt/conda/conda-bld/pytorch_1670525541990/work/aten/src/ATen/native/cuda/Loss.cu:92: operator(): block: [183,0,0], thread: [119,0,0] Assertion `input_val >= zero && input_val <= one` failed.
/opt/conda/conda-bld/pytorch_1670525541990/work/aten/src/ATen/native/cuda/Loss.cu:92: operator(): block: [183,0,0], thread: [120,0,0] Assertion `input_val >= zero && input_val <= one` failed.
/opt/conda/conda-bld/pytorch_1670525541990/work/aten/src/ATen/native/cuda/Loss.cu:92: operator(): block: [183,0,0], thread: [121,0,0] Assertion `input_val >= zero && input_val <= one` failed.
/opt/conda/conda-bld/pytorch_1670525541990/work/aten/src/ATen/native/cuda/Loss.cu:92: operator(): block: [183,0,0], thread: [122,0,0] Assertion `input_val >= zero && input_val <= one` failed.
/opt/conda/conda-bld/pytorch_1670525541990/work/aten/src/ATen/native/cuda/Loss.cu:92: operator(): block: [183,0,0], thread: [123,0,0] Assertion `input_val >= zero && input_val <= one` failed.
/opt/conda/conda-bld/pytorch_1670525541990/work/aten/src/ATen/native/cuda/Loss.cu:92: operator(): block: [183,0,0], thread: [124,0,0] Assertion `input_val >= zero && input_val <= one` failed.
/opt/conda/conda-bld/pytorch_1670525541990/work/aten/src/ATen/native/cuda/Loss.cu:92: operator(): block: [183,0,0], thread: [125,0,0] Assertion `input_val >= zero && input_val <= one` failed.
/opt/conda/conda-bld/pytorch_1670525541990/work/aten/src/ATen/native/cuda/Loss.cu:92: operator(): block: [183,0,0], thread: [126,0,0] Assertion `input_val >= zero && input_val <= one` failed.
/opt/conda/conda-bld/pytorch_1670525541990/work/aten/src/ATen/native/cuda/Loss.cu:92: operator(): block: [183,0,0], thread: [127,0,0] Assertion `input_val >= zero && input_val <= one` failed.
experiments/train_mot20-sompt22.sh: line 8: 21805 Aborted                 (core dumped) python ./src/train.py mot --exp_id mot20-sompt22 --yolo_depth 0.67 --yolo_width 0.75 --lr 7e-4 --lr_step 2 --reid_dim 128 --augment --mosaic --load_model /home/fatih/phd/FairCenterMOT/models/model_last.pth --batch_size 4 --gpus 0 --data_cfg /home/fatih/phd/FairCenterMOT/src/lib/cfg/mot20-sompt22.json --reid_cls_id 0 --num_epochs 90 --num_workers 8
Using tensorboardX
Training Chunk Sizes: [4]
The output will be saved to  /home/fatih/phd/FairCenterMOT/src/lib/../../exp/mot/mot20-sompt22
Setting up data...
Dataset Root: /home/fatih/phd/FairCenterMOT/src/data
Loading cached ID Dict...
0
* Total 535904 IDs of pedestrian
* Start index of dataset mot20-sompt22 class 0 is 0
Heads are Predefined in YOLOX!
opt:
 Namespace(task='mot', dataset='jde', exp_id='mot20-sompt22', val=False, test=False, test_emb=False, test_det=False, start_epoch=1, load_model='/home/fatih/phd/FairCenterMOT/models/yolox_s.pth', resume=False, gpus=[0], num_workers=8, not_cuda_benchmark=False, seed=tensor(294), gen_scale=True, is_debug=False, print_iter=0, hide_data_time=False, save_all=False, metric='loss', vis_thresh=0.5, arch='yolox', yolo='l', yolo_depth=0.67, yolo_width=0.75, head_conv=256, down_ratio=8, input_res=-1, input_h=-1, input_w=-1, lr=0.001, lr_step=[2], num_epochs=150, batch_size=4, master_batch_size=4, num_iters=-1, val_intervals=10, trainval=False, augment=True, mosaic=True, input_video='', output_format='video', K=200, not_prefetch_test=False, fix_res=True, keep_res=False, kitti_test=False, test_mot16=False, val_mot15=False, test_mot15=False, val_mot16=False, test_mot17=False, val_mot17=False, val_mot20=False, test_mot20=False, conf_thre=0.4, det_thre=0.4, nms_thre=0.4, track_buffer=30, min_box_area=20, input_mode='video', input_img='/users/duanyou/c5/all_pretrain/test.txt', output_root='../results', data_cfg='/home/fatih/phd/FairCenterMOT/src/lib/cfg/mot20-sompt22.json', data_dir='/hpctmp/e0425991/datasets/bdd100k/bdd100k/MOT', uncertainty_loss=True, detection_only=False, reid_only=False, freeze_backbone=False, l1_loss=False, reg_loss='l1', hm_weight=1, off_weight=1, wh_weight=0.1, id_loss='ce', id_weight=1, reid_dim=128, post_conv_layers=0, input_wh=(1024, 576), multi_scale=False, reid_cls_ids='0', norm_wh=False, dense_wh=False, cat_spec_wh=False, not_reg_offset=False, gpus_str='0', reg_offset=True, pad=31, num_stacks=1, chunk_sizes=[4], root_dir='/home/fatih/phd/FairCenterMOT/src/lib/../..', exp_dir='/home/fatih/phd/FairCenterMOT/src/lib/../../exp/mot', save_dir='/home/fatih/phd/FairCenterMOT/src/lib/../../exp/mot/mot20-sompt22', debug_dir='/home/fatih/phd/FairCenterMOT/src/lib/../../exp/mot/mot20-sompt22/debug', num_classes=1, nID_dict=defaultdict(<class 'int'>, {0: 535904}))
Creating model...
Loading Model from /home/fatih/phd/FairCenterMOT/models/yolox_s.pth
Skip loading parameter backbone.backbone.stem.conv.conv.weight, required shapetorch.Size([48, 12, 3, 3]), loaded shapetorch.Size([32, 12, 3, 3]).
Skip loading parameter backbone.backbone.stem.conv.bn.weight, required shapetorch.Size([48]), loaded shapetorch.Size([32]).
Skip loading parameter backbone.backbone.stem.conv.bn.bias, required shapetorch.Size([48]), loaded shapetorch.Size([32]).
Skip loading parameter backbone.backbone.stem.conv.bn.running_mean, required shapetorch.Size([48]), loaded shapetorch.Size([32]).
Skip loading parameter backbone.backbone.stem.conv.bn.running_var, required shapetorch.Size([48]), loaded shapetorch.Size([32]).
Skip loading parameter backbone.backbone.dark2.0.conv.weight, required shapetorch.Size([96, 48, 3, 3]), loaded shapetorch.Size([64, 32, 3, 3]).
Skip loading parameter backbone.backbone.dark2.0.bn.weight, required shapetorch.Size([96]), loaded shapetorch.Size([64]).
Skip loading parameter backbone.backbone.dark2.0.bn.bias, required shapetorch.Size([96]), loaded shapetorch.Size([64]).
Skip loading parameter backbone.backbone.dark2.0.bn.running_mean, required shapetorch.Size([96]), loaded shapetorch.Size([64]).
Skip loading parameter backbone.backbone.dark2.0.bn.running_var, required shapetorch.Size([96]), loaded shapetorch.Size([64]).
Skip loading parameter backbone.backbone.dark2.1.conv1.conv.weight, required shapetorch.Size([48, 96, 1, 1]), loaded shapetorch.Size([32, 64, 1, 1]).
Skip loading parameter backbone.backbone.dark2.1.conv1.bn.weight, required shapetorch.Size([48]), loaded shapetorch.Size([32]).
Skip loading parameter backbone.backbone.dark2.1.conv1.bn.bias, required shapetorch.Size([48]), loaded shapetorch.Size([32]).
Skip loading parameter backbone.backbone.dark2.1.conv1.bn.running_mean, required shapetorch.Size([48]), loaded shapetorch.Size([32]).
Skip loading parameter backbone.backbone.dark2.1.conv1.bn.running_var, required shapetorch.Size([48]), loaded shapetorch.Size([32]).
Skip loading parameter backbone.backbone.dark2.1.conv2.conv.weight, required shapetorch.Size([48, 96, 1, 1]), loaded shapetorch.Size([32, 64, 1, 1]).
Skip loading parameter backbone.backbone.dark2.1.conv2.bn.weight, required shapetorch.Size([48]), loaded shapetorch.Size([32]).
Skip loading parameter backbone.backbone.dark2.1.conv2.bn.bias, required shapetorch.Size([48]), loaded shapetorch.Size([32]).
Skip loading parameter backbone.backbone.dark2.1.conv2.bn.running_mean, required shapetorch.Size([48]), loaded shapetorch.Size([32]).
Skip loading parameter backbone.backbone.dark2.1.conv2.bn.running_var, required shapetorch.Size([48]), loaded shapetorch.Size([32]).
Skip loading parameter backbone.backbone.dark2.1.conv3.conv.weight, required shapetorch.Size([96, 96, 1, 1]), loaded shapetorch.Size([64, 64, 1, 1]).
Skip loading parameter backbone.backbone.dark2.1.conv3.bn.weight, required shapetorch.Size([96]), loaded shapetorch.Size([64]).
Skip loading parameter backbone.backbone.dark2.1.conv3.bn.bias, required shapetorch.Size([96]), loaded shapetorch.Size([64]).
Skip loading parameter backbone.backbone.dark2.1.conv3.bn.running_mean, required shapetorch.Size([96]), loaded shapetorch.Size([64]).
Skip loading parameter backbone.backbone.dark2.1.conv3.bn.running_var, required shapetorch.Size([96]), loaded shapetorch.Size([64]).
Skip loading parameter backbone.backbone.dark2.1.m.0.conv1.conv.weight, required shapetorch.Size([48, 48, 1, 1]), loaded shapetorch.Size([32, 32, 1, 1]).
Skip loading parameter backbone.backbone.dark2.1.m.0.conv1.bn.weight, required shapetorch.Size([48]), loaded shapetorch.Size([32]).
Skip loading parameter backbone.backbone.dark2.1.m.0.conv1.bn.bias, required shapetorch.Size([48]), loaded shapetorch.Size([32]).
Skip loading parameter backbone.backbone.dark2.1.m.0.conv1.bn.running_mean, required shapetorch.Size([48]), loaded shapetorch.Size([32]).
Skip loading parameter backbone.backbone.dark2.1.m.0.conv1.bn.running_var, required shapetorch.Size([48]), loaded shapetorch.Size([32]).
Skip loading parameter backbone.backbone.dark2.1.m.0.conv2.conv.weight, required shapetorch.Size([48, 48, 3, 3]), loaded shapetorch.Size([32, 32, 3, 3]).
Skip loading parameter backbone.backbone.dark2.1.m.0.conv2.bn.weight, required shapetorch.Size([48]), loaded shapetorch.Size([32]).
Skip loading parameter backbone.backbone.dark2.1.m.0.conv2.bn.bias, required shapetorch.Size([48]), loaded shapetorch.Size([32]).
Skip loading parameter backbone.backbone.dark2.1.m.0.conv2.bn.running_mean, required shapetorch.Size([48]), loaded shapetorch.Size([32]).
Skip loading parameter backbone.backbone.dark2.1.m.0.conv2.bn.running_var, required shapetorch.Size([48]), loaded shapetorch.Size([32]).
Skip loading parameter backbone.backbone.dark3.0.conv.weight, required shapetorch.Size([192, 96, 3, 3]), loaded shapetorch.Size([128, 64, 3, 3]).
Skip loading parameter backbone.backbone.dark3.0.bn.weight, required shapetorch.Size([192]), loaded shapetorch.Size([128]).
Skip loading parameter backbone.backbone.dark3.0.bn.bias, required shapetorch.Size([192]), loaded shapetorch.Size([128]).
Skip loading parameter backbone.backbone.dark3.0.bn.running_mean, required shapetorch.Size([192]), loaded shapetorch.Size([128]).
Skip loading parameter backbone.backbone.dark3.0.bn.running_var, required shapetorch.Size([192]), loaded shapetorch.Size([128]).
Skip loading parameter backbone.backbone.dark3.1.conv1.conv.weight, required shapetorch.Size([96, 192, 1, 1]), loaded shapetorch.Size([64, 128, 1, 1]).
Skip loading parameter backbone.backbone.dark3.1.conv1.bn.weight, required shapetorch.Size([96]), loaded shapetorch.Size([64]).
Skip loading parameter backbone.backbone.dark3.1.conv1.bn.bias, required shapetorch.Size([96]), loaded shapetorch.Size([64]).
Skip loading parameter backbone.backbone.dark3.1.conv1.bn.running_mean, required shapetorch.Size([96]), loaded shapetorch.Size([64]).
Skip loading parameter backbone.backbone.dark3.1.conv1.bn.running_var, required shapetorch.Size([96]), loaded shapetorch.Size([64]).
Skip loading parameter backbone.backbone.dark3.1.conv2.conv.weight, required shapetorch.Size([96, 192, 1, 1]), loaded shapetorch.Size([64, 128, 1, 1]).
Skip loading parameter backbone.backbone.dark3.1.conv2.bn.weight, required shapetorch.Size([96]), loaded shapetorch.Size([64]).
Skip loading parameter backbone.backbone.dark3.1.conv2.bn.bias, required shapetorch.Size([96]), loaded shapetorch.Size([64]).
Skip loading parameter backbone.backbone.dark3.1.conv2.bn.running_mean, required shapetorch.Size([96]), loaded shapetorch.Size([64]).
Skip loading parameter backbone.backbone.dark3.1.conv2.bn.running_var, required shapetorch.Size([96]), loaded shapetorch.Size([64]).
Skip loading parameter backbone.backbone.dark3.1.conv3.conv.weight, required shapetorch.Size([192, 192, 1, 1]), loaded shapetorch.Size([128, 128, 1, 1]).
Skip loading parameter backbone.backbone.dark3.1.conv3.bn.weight, required shapetorch.Size([192]), loaded shapetorch.Size([128]).
Skip loading parameter backbone.backbone.dark3.1.conv3.bn.bias, required shapetorch.Size([192]), loaded shapetorch.Size([128]).
Skip loading parameter backbone.backbone.dark3.1.conv3.bn.running_mean, required shapetorch.Size([192]), loaded shapetorch.Size([128]).
Skip loading parameter backbone.backbone.dark3.1.conv3.bn.running_var, required shapetorch.Size([192]), loaded shapetorch.Size([128]).
Skip loading parameter backbone.backbone.dark3.1.m.0.conv1.conv.weight, required shapetorch.Size([96, 96, 1, 1]), loaded shapetorch.Size([64, 64, 1, 1]).
Skip loading parameter backbone.backbone.dark3.1.m.0.conv1.bn.weight, required shapetorch.Size([96]), loaded shapetorch.Size([64]).
Skip loading parameter backbone.backbone.dark3.1.m.0.conv1.bn.bias, required shapetorch.Size([96]), loaded shapetorch.Size([64]).
Skip loading parameter backbone.backbone.dark3.1.m.0.conv1.bn.running_mean, required shapetorch.Size([96]), loaded shapetorch.Size([64]).
Skip loading parameter backbone.backbone.dark3.1.m.0.conv1.bn.running_var, required shapetorch.Size([96]), loaded shapetorch.Size([64]).
Skip loading parameter backbone.backbone.dark3.1.m.0.conv2.conv.weight, required shapetorch.Size([96, 96, 3, 3]), loaded shapetorch.Size([64, 64, 3, 3]).
Skip loading parameter backbone.backbone.dark3.1.m.0.conv2.bn.weight, required shapetorch.Size([96]), loaded shapetorch.Size([64]).
Skip loading parameter backbone.backbone.dark3.1.m.0.conv2.bn.bias, required shapetorch.Size([96]), loaded shapetorch.Size([64]).
Skip loading parameter backbone.backbone.dark3.1.m.0.conv2.bn.running_mean, required shapetorch.Size([96]), loaded shapetorch.Size([64]).
Skip loading parameter backbone.backbone.dark3.1.m.0.conv2.bn.running_var, required shapetorch.Size([96]), loaded shapetorch.Size([64]).
Skip loading parameter backbone.backbone.dark3.1.m.1.conv1.conv.weight, required shapetorch.Size([96, 96, 1, 1]), loaded shapetorch.Size([64, 64, 1, 1]).
Skip loading parameter backbone.backbone.dark3.1.m.1.conv1.bn.weight, required shapetorch.Size([96]), loaded shapetorch.Size([64]).
Skip loading parameter backbone.backbone.dark3.1.m.1.conv1.bn.bias, required shapetorch.Size([96]), loaded shapetorch.Size([64]).
Skip loading parameter backbone.backbone.dark3.1.m.1.conv1.bn.running_mean, required shapetorch.Size([96]), loaded shapetorch.Size([64]).
Skip loading parameter backbone.backbone.dark3.1.m.1.conv1.bn.running_var, required shapetorch.Size([96]), loaded shapetorch.Size([64]).
Skip loading parameter backbone.backbone.dark3.1.m.1.conv2.conv.weight, required shapetorch.Size([96, 96, 3, 3]), loaded shapetorch.Size([64, 64, 3, 3]).
Skip loading parameter backbone.backbone.dark3.1.m.1.conv2.bn.weight, required shapetorch.Size([96]), loaded shapetorch.Size([64]).
Skip loading parameter backbone.backbone.dark3.1.m.1.conv2.bn.bias, required shapetorch.Size([96]), loaded shapetorch.Size([64]).
Skip loading parameter backbone.backbone.dark3.1.m.1.conv2.bn.running_mean, required shapetorch.Size([96]), loaded shapetorch.Size([64]).
Skip loading parameter backbone.backbone.dark3.1.m.1.conv2.bn.running_var, required shapetorch.Size([96]), loaded shapetorch.Size([64]).
Skip loading parameter backbone.backbone.dark3.1.m.2.conv1.conv.weight, required shapetorch.Size([96, 96, 1, 1]), loaded shapetorch.Size([64, 64, 1, 1]).
Skip loading parameter backbone.backbone.dark3.1.m.2.conv1.bn.weight, required shapetorch.Size([96]), loaded shapetorch.Size([64]).
Skip loading parameter backbone.backbone.dark3.1.m.2.conv1.bn.bias, required shapetorch.Size([96]), loaded shapetorch.Size([64]).
Skip loading parameter backbone.backbone.dark3.1.m.2.conv1.bn.running_mean, required shapetorch.Size([96]), loaded shapetorch.Size([64]).
Skip loading parameter backbone.backbone.dark3.1.m.2.conv1.bn.running_var, required shapetorch.Size([96]), loaded shapetorch.Size([64]).
Skip loading parameter backbone.backbone.dark3.1.m.2.conv2.conv.weight, required shapetorch.Size([96, 96, 3, 3]), loaded shapetorch.Size([64, 64, 3, 3]).
Skip loading parameter backbone.backbone.dark3.1.m.2.conv2.bn.weight, required shapetorch.Size([96]), loaded shapetorch.Size([64]).
Skip loading parameter backbone.backbone.dark3.1.m.2.conv2.bn.bias, required shapetorch.Size([96]), loaded shapetorch.Size([64]).
Skip loading parameter backbone.backbone.dark3.1.m.2.conv2.bn.running_mean, required shapetorch.Size([96]), loaded shapetorch.Size([64]).
Skip loading parameter backbone.backbone.dark3.1.m.2.conv2.bn.running_var, required shapetorch.Size([96]), loaded shapetorch.Size([64]).
Skip loading parameter backbone.backbone.dark4.0.conv.weight, required shapetorch.Size([384, 192, 3, 3]), loaded shapetorch.Size([256, 128, 3, 3]).
Skip loading parameter backbone.backbone.dark4.0.bn.weight, required shapetorch.Size([384]), loaded shapetorch.Size([256]).
Skip loading parameter backbone.backbone.dark4.0.bn.bias, required shapetorch.Size([384]), loaded shapetorch.Size([256]).
Skip loading parameter backbone.backbone.dark4.0.bn.running_mean, required shapetorch.Size([384]), loaded shapetorch.Size([256]).
Skip loading parameter backbone.backbone.dark4.0.bn.running_var, required shapetorch.Size([384]), loaded shapetorch.Size([256]).
Skip loading parameter backbone.backbone.dark4.1.conv1.conv.weight, required shapetorch.Size([192, 384, 1, 1]), loaded shapetorch.Size([128, 256, 1, 1]).
Skip loading parameter backbone.backbone.dark4.1.conv1.bn.weight, required shapetorch.Size([192]), loaded shapetorch.Size([128]).
Skip loading parameter backbone.backbone.dark4.1.conv1.bn.bias, required shapetorch.Size([192]), loaded shapetorch.Size([128]).
Skip loading parameter backbone.backbone.dark4.1.conv1.bn.running_mean, required shapetorch.Size([192]), loaded shapetorch.Size([128]).
Skip loading parameter backbone.backbone.dark4.1.conv1.bn.running_var, required shapetorch.Size([192]), loaded shapetorch.Size([128]).
Skip loading parameter backbone.backbone.dark4.1.conv2.conv.weight, required shapetorch.Size([192, 384, 1, 1]), loaded shapetorch.Size([128, 256, 1, 1]).
Skip loading parameter backbone.backbone.dark4.1.conv2.bn.weight, required shapetorch.Size([192]), loaded shapetorch.Size([128]).
Skip loading parameter backbone.backbone.dark4.1.conv2.bn.bias, required shapetorch.Size([192]), loaded shapetorch.Size([128]).
Skip loading parameter backbone.backbone.dark4.1.conv2.bn.running_mean, required shapetorch.Size([192]), loaded shapetorch.Size([128]).
Skip loading parameter backbone.backbone.dark4.1.conv2.bn.running_var, required shapetorch.Size([192]), loaded shapetorch.Size([128]).
Skip loading parameter backbone.backbone.dark4.1.conv3.conv.weight, required shapetorch.Size([384, 384, 1, 1]), loaded shapetorch.Size([256, 256, 1, 1]).
Skip loading parameter backbone.backbone.dark4.1.conv3.bn.weight, required shapetorch.Size([384]), loaded shapetorch.Size([256]).
Skip loading parameter backbone.backbone.dark4.1.conv3.bn.bias, required shapetorch.Size([384]), loaded shapetorch.Size([256]).
Skip loading parameter backbone.backbone.dark4.1.conv3.bn.running_mean, required shapetorch.Size([384]), loaded shapetorch.Size([256]).
Skip loading parameter backbone.backbone.dark4.1.conv3.bn.running_var, required shapetorch.Size([384]), loaded shapetorch.Size([256]).
Skip loading parameter backbone.backbone.dark4.1.m.0.conv1.conv.weight, required shapetorch.Size([192, 192, 1, 1]), loaded shapetorch.Size([128, 128, 1, 1]).
Skip loading parameter backbone.backbone.dark4.1.m.0.conv1.bn.weight, required shapetorch.Size([192]), loaded shapetorch.Size([128]).
Skip loading parameter backbone.backbone.dark4.1.m.0.conv1.bn.bias, required shapetorch.Size([192]), loaded shapetorch.Size([128]).
Skip loading parameter backbone.backbone.dark4.1.m.0.conv1.bn.running_mean, required shapetorch.Size([192]), loaded shapetorch.Size([128]).
Skip loading parameter backbone.backbone.dark4.1.m.0.conv1.bn.running_var, required shapetorch.Size([192]), loaded shapetorch.Size([128]).
Skip loading parameter backbone.backbone.dark4.1.m.0.conv2.conv.weight, required shapetorch.Size([192, 192, 3, 3]), loaded shapetorch.Size([128, 128, 3, 3]).
Skip loading parameter backbone.backbone.dark4.1.m.0.conv2.bn.weight, required shapetorch.Size([192]), loaded shapetorch.Size([128]).
Skip loading parameter backbone.backbone.dark4.1.m.0.conv2.bn.bias, required shapetorch.Size([192]), loaded shapetorch.Size([128]).
Skip loading parameter backbone.backbone.dark4.1.m.0.conv2.bn.running_mean, required shapetorch.Size([192]), loaded shapetorch.Size([128]).
Skip loading parameter backbone.backbone.dark4.1.m.0.conv2.bn.running_var, required shapetorch.Size([192]), loaded shapetorch.Size([128]).
Skip loading parameter backbone.backbone.dark4.1.m.1.conv1.conv.weight, required shapetorch.Size([192, 192, 1, 1]), loaded shapetorch.Size([128, 128, 1, 1]).
Skip loading parameter backbone.backbone.dark4.1.m.1.conv1.bn.weight, required shapetorch.Size([192]), loaded shapetorch.Size([128]).
Skip loading parameter backbone.backbone.dark4.1.m.1.conv1.bn.bias, required shapetorch.Size([192]), loaded shapetorch.Size([128]).
Skip loading parameter backbone.backbone.dark4.1.m.1.conv1.bn.running_mean, required shapetorch.Size([192]), loaded shapetorch.Size([128]).
Skip loading parameter backbone.backbone.dark4.1.m.1.conv1.bn.running_var, required shapetorch.Size([192]), loaded shapetorch.Size([128]).
Skip loading parameter backbone.backbone.dark4.1.m.1.conv2.conv.weight, required shapetorch.Size([192, 192, 3, 3]), loaded shapetorch.Size([128, 128, 3, 3]).
Skip loading parameter backbone.backbone.dark4.1.m.1.conv2.bn.weight, required shapetorch.Size([192]), loaded shapetorch.Size([128]).
Skip loading parameter backbone.backbone.dark4.1.m.1.conv2.bn.bias, required shapetorch.Size([192]), loaded shapetorch.Size([128]).
Skip loading parameter backbone.backbone.dark4.1.m.1.conv2.bn.running_mean, required shapetorch.Size([192]), loaded shapetorch.Size([128]).
Skip loading parameter backbone.backbone.dark4.1.m.1.conv2.bn.running_var, required shapetorch.Size([192]), loaded shapetorch.Size([128]).
Skip loading parameter backbone.backbone.dark4.1.m.2.conv1.conv.weight, required shapetorch.Size([192, 192, 1, 1]), loaded shapetorch.Size([128, 128, 1, 1]).
Skip loading parameter backbone.backbone.dark4.1.m.2.conv1.bn.weight, required shapetorch.Size([192]), loaded shapetorch.Size([128]).
Skip loading parameter backbone.backbone.dark4.1.m.2.conv1.bn.bias, required shapetorch.Size([192]), loaded shapetorch.Size([128]).
Skip loading parameter backbone.backbone.dark4.1.m.2.conv1.bn.running_mean, required shapetorch.Size([192]), loaded shapetorch.Size([128]).
Skip loading parameter backbone.backbone.dark4.1.m.2.conv1.bn.running_var, required shapetorch.Size([192]), loaded shapetorch.Size([128]).
Skip loading parameter backbone.backbone.dark4.1.m.2.conv2.conv.weight, required shapetorch.Size([192, 192, 3, 3]), loaded shapetorch.Size([128, 128, 3, 3]).
Skip loading parameter backbone.backbone.dark4.1.m.2.conv2.bn.weight, required shapetorch.Size([192]), loaded shapetorch.Size([128]).
Skip loading parameter backbone.backbone.dark4.1.m.2.conv2.bn.bias, required shapetorch.Size([192]), loaded shapetorch.Size([128]).
Skip loading parameter backbone.backbone.dark4.1.m.2.conv2.bn.running_mean, required shapetorch.Size([192]), loaded shapetorch.Size([128]).
Skip loading parameter backbone.backbone.dark4.1.m.2.conv2.bn.running_var, required shapetorch.Size([192]), loaded shapetorch.Size([128]).
Skip loading parameter backbone.backbone.dark5.0.conv.weight, required shapetorch.Size([768, 384, 3, 3]), loaded shapetorch.Size([512, 256, 3, 3]).
Skip loading parameter backbone.backbone.dark5.0.bn.weight, required shapetorch.Size([768]), loaded shapetorch.Size([512]).
Skip loading parameter backbone.backbone.dark5.0.bn.bias, required shapetorch.Size([768]), loaded shapetorch.Size([512]).
Skip loading parameter backbone.backbone.dark5.0.bn.running_mean, required shapetorch.Size([768]), loaded shapetorch.Size([512]).
Skip loading parameter backbone.backbone.dark5.0.bn.running_var, required shapetorch.Size([768]), loaded shapetorch.Size([512]).
Skip loading parameter backbone.backbone.dark5.1.conv1.conv.weight, required shapetorch.Size([384, 768, 1, 1]), loaded shapetorch.Size([256, 512, 1, 1]).
Skip loading parameter backbone.backbone.dark5.1.conv1.bn.weight, required shapetorch.Size([384]), loaded shapetorch.Size([256]).
Skip loading parameter backbone.backbone.dark5.1.conv1.bn.bias, required shapetorch.Size([384]), loaded shapetorch.Size([256]).
Skip loading parameter backbone.backbone.dark5.1.conv1.bn.running_mean, required shapetorch.Size([384]), loaded shapetorch.Size([256]).
Skip loading parameter backbone.backbone.dark5.1.conv1.bn.running_var, required shapetorch.Size([384]), loaded shapetorch.Size([256]).
Skip loading parameter backbone.backbone.dark5.1.conv2.conv.weight, required shapetorch.Size([768, 1536, 1, 1]), loaded shapetorch.Size([512, 1024, 1, 1]).
Skip loading parameter backbone.backbone.dark5.1.conv2.bn.weight, required shapetorch.Size([768]), loaded shapetorch.Size([512]).
Skip loading parameter backbone.backbone.dark5.1.conv2.bn.bias, required shapetorch.Size([768]), loaded shapetorch.Size([512]).
Skip loading parameter backbone.backbone.dark5.1.conv2.bn.running_mean, required shapetorch.Size([768]), loaded shapetorch.Size([512]).
Skip loading parameter backbone.backbone.dark5.1.conv2.bn.running_var, required shapetorch.Size([768]), loaded shapetorch.Size([512]).
Skip loading parameter backbone.backbone.dark5.2.conv1.conv.weight, required shapetorch.Size([384, 768, 1, 1]), loaded shapetorch.Size([256, 512, 1, 1]).
Skip loading parameter backbone.backbone.dark5.2.conv1.bn.weight, required shapetorch.Size([384]), loaded shapetorch.Size([256]).
Skip loading parameter backbone.backbone.dark5.2.conv1.bn.bias, required shapetorch.Size([384]), loaded shapetorch.Size([256]).
Skip loading parameter backbone.backbone.dark5.2.conv1.bn.running_mean, required shapetorch.Size([384]), loaded shapetorch.Size([256]).
Skip loading parameter backbone.backbone.dark5.2.conv1.bn.running_var, required shapetorch.Size([384]), loaded shapetorch.Size([256]).
Skip loading parameter backbone.backbone.dark5.2.conv2.conv.weight, required shapetorch.Size([384, 768, 1, 1]), loaded shapetorch.Size([256, 512, 1, 1]).
Skip loading parameter backbone.backbone.dark5.2.conv2.bn.weight, required shapetorch.Size([384]), loaded shapetorch.Size([256]).
Skip loading parameter backbone.backbone.dark5.2.conv2.bn.bias, required shapetorch.Size([384]), loaded shapetorch.Size([256]).
Skip loading parameter backbone.backbone.dark5.2.conv2.bn.running_mean, required shapetorch.Size([384]), loaded shapetorch.Size([256]).
Skip loading parameter backbone.backbone.dark5.2.conv2.bn.running_var, required shapetorch.Size([384]), loaded shapetorch.Size([256]).
Skip loading parameter backbone.backbone.dark5.2.conv3.conv.weight, required shapetorch.Size([768, 768, 1, 1]), loaded shapetorch.Size([512, 512, 1, 1]).
Skip loading parameter backbone.backbone.dark5.2.conv3.bn.weight, required shapetorch.Size([768]), loaded shapetorch.Size([512]).
Skip loading parameter backbone.backbone.dark5.2.conv3.bn.bias, required shapetorch.Size([768]), loaded shapetorch.Size([512]).
Skip loading parameter backbone.backbone.dark5.2.conv3.bn.running_mean, required shapetorch.Size([768]), loaded shapetorch.Size([512]).
Skip loading parameter backbone.backbone.dark5.2.conv3.bn.running_var, required shapetorch.Size([768]), loaded shapetorch.Size([512]).
Skip loading parameter backbone.backbone.dark5.2.m.0.conv1.conv.weight, required shapetorch.Size([384, 384, 1, 1]), loaded shapetorch.Size([256, 256, 1, 1]).
Skip loading parameter backbone.backbone.dark5.2.m.0.conv1.bn.weight, required shapetorch.Size([384]), loaded shapetorch.Size([256]).
Skip loading parameter backbone.backbone.dark5.2.m.0.conv1.bn.bias, required shapetorch.Size([384]), loaded shapetorch.Size([256]).
Skip loading parameter backbone.backbone.dark5.2.m.0.conv1.bn.running_mean, required shapetorch.Size([384]), loaded shapetorch.Size([256]).
Skip loading parameter backbone.backbone.dark5.2.m.0.conv1.bn.running_var, required shapetorch.Size([384]), loaded shapetorch.Size([256]).
Skip loading parameter backbone.backbone.dark5.2.m.0.conv2.conv.weight, required shapetorch.Size([384, 384, 3, 3]), loaded shapetorch.Size([256, 256, 3, 3]).
Skip loading parameter backbone.backbone.dark5.2.m.0.conv2.bn.weight, required shapetorch.Size([384]), loaded shapetorch.Size([256]).
Skip loading parameter backbone.backbone.dark5.2.m.0.conv2.bn.bias, required shapetorch.Size([384]), loaded shapetorch.Size([256]).
Skip loading parameter backbone.backbone.dark5.2.m.0.conv2.bn.running_mean, required shapetorch.Size([384]), loaded shapetorch.Size([256]).
Skip loading parameter backbone.backbone.dark5.2.m.0.conv2.bn.running_var, required shapetorch.Size([384]), loaded shapetorch.Size([256]).
Skip loading parameter backbone.lateral_conv0.conv.weight, required shapetorch.Size([384, 768, 1, 1]), loaded shapetorch.Size([256, 512, 1, 1]).
Skip loading parameter backbone.lateral_conv0.bn.weight, required shapetorch.Size([384]), loaded shapetorch.Size([256]).
Skip loading parameter backbone.lateral_conv0.bn.bias, required shapetorch.Size([384]), loaded shapetorch.Size([256]).
Skip loading parameter backbone.lateral_conv0.bn.running_mean, required shapetorch.Size([384]), loaded shapetorch.Size([256]).
Skip loading parameter backbone.lateral_conv0.bn.running_var, required shapetorch.Size([384]), loaded shapetorch.Size([256]).
Skip loading parameter backbone.C3_p4.conv1.conv.weight, required shapetorch.Size([192, 768, 1, 1]), loaded shapetorch.Size([128, 512, 1, 1]).
Skip loading parameter backbone.C3_p4.conv1.bn.weight, required shapetorch.Size([192]), loaded shapetorch.Size([128]).
Skip loading parameter backbone.C3_p4.conv1.bn.bias, required shapetorch.Size([192]), loaded shapetorch.Size([128]).
Skip loading parameter backbone.C3_p4.conv1.bn.running_mean, required shapetorch.Size([192]), loaded shapetorch.Size([128]).
Skip loading parameter backbone.C3_p4.conv1.bn.running_var, required shapetorch.Size([192]), loaded shapetorch.Size([128]).
Skip loading parameter backbone.C3_p4.conv2.conv.weight, required shapetorch.Size([192, 768, 1, 1]), loaded shapetorch.Size([128, 512, 1, 1]).
Skip loading parameter backbone.C3_p4.conv2.bn.weight, required shapetorch.Size([192]), loaded shapetorch.Size([128]).
Skip loading parameter backbone.C3_p4.conv2.bn.bias, required shapetorch.Size([192]), loaded shapetorch.Size([128]).
Skip loading parameter backbone.C3_p4.conv2.bn.running_mean, required shapetorch.Size([192]), loaded shapetorch.Size([128]).
Skip loading parameter backbone.C3_p4.conv2.bn.running_var, required shapetorch.Size([192]), loaded shapetorch.Size([128]).
Skip loading parameter backbone.C3_p4.conv3.conv.weight, required shapetorch.Size([384, 384, 1, 1]), loaded shapetorch.Size([256, 256, 1, 1]).
Skip loading parameter backbone.C3_p4.conv3.bn.weight, required shapetorch.Size([384]), loaded shapetorch.Size([256]).
Skip loading parameter backbone.C3_p4.conv3.bn.bias, required shapetorch.Size([384]), loaded shapetorch.Size([256]).
Skip loading parameter backbone.C3_p4.conv3.bn.running_mean, required shapetorch.Size([384]), loaded shapetorch.Size([256]).
Skip loading parameter backbone.C3_p4.conv3.bn.running_var, required shapetorch.Size([384]), loaded shapetorch.Size([256]).
Skip loading parameter backbone.C3_p4.m.0.conv1.conv.weight, required shapetorch.Size([192, 192, 1, 1]), loaded shapetorch.Size([128, 128, 1, 1]).
Skip loading parameter backbone.C3_p4.m.0.conv1.bn.weight, required shapetorch.Size([192]), loaded shapetorch.Size([128]).
Skip loading parameter backbone.C3_p4.m.0.conv1.bn.bias, required shapetorch.Size([192]), loaded shapetorch.Size([128]).
Skip loading parameter backbone.C3_p4.m.0.conv1.bn.running_mean, required shapetorch.Size([192]), loaded shapetorch.Size([128]).
Skip loading parameter backbone.C3_p4.m.0.conv1.bn.running_var, required shapetorch.Size([192]), loaded shapetorch.Size([128]).
Skip loading parameter backbone.C3_p4.m.0.conv2.conv.weight, required shapetorch.Size([192, 192, 3, 3]), loaded shapetorch.Size([128, 128, 3, 3]).
Skip loading parameter backbone.C3_p4.m.0.conv2.bn.weight, required shapetorch.Size([192]), loaded shapetorch.Size([128]).
Skip loading parameter backbone.C3_p4.m.0.conv2.bn.bias, required shapetorch.Size([192]), loaded shapetorch.Size([128]).
Skip loading parameter backbone.C3_p4.m.0.conv2.bn.running_mean, required shapetorch.Size([192]), loaded shapetorch.Size([128]).
Skip loading parameter backbone.C3_p4.m.0.conv2.bn.running_var, required shapetorch.Size([192]), loaded shapetorch.Size([128]).
Skip loading parameter backbone.reduce_conv1.conv.weight, required shapetorch.Size([192, 384, 1, 1]), loaded shapetorch.Size([128, 256, 1, 1]).
Skip loading parameter backbone.reduce_conv1.bn.weight, required shapetorch.Size([192]), loaded shapetorch.Size([128]).
Skip loading parameter backbone.reduce_conv1.bn.bias, required shapetorch.Size([192]), loaded shapetorch.Size([128]).
Skip loading parameter backbone.reduce_conv1.bn.running_mean, required shapetorch.Size([192]), loaded shapetorch.Size([128]).
Skip loading parameter backbone.reduce_conv1.bn.running_var, required shapetorch.Size([192]), loaded shapetorch.Size([128]).
Skip loading parameter backbone.C3_p3.conv1.conv.weight, required shapetorch.Size([96, 384, 1, 1]), loaded shapetorch.Size([64, 256, 1, 1]).
Skip loading parameter backbone.C3_p3.conv1.bn.weight, required shapetorch.Size([96]), loaded shapetorch.Size([64]).
Skip loading parameter backbone.C3_p3.conv1.bn.bias, required shapetorch.Size([96]), loaded shapetorch.Size([64]).
Skip loading parameter backbone.C3_p3.conv1.bn.running_mean, required shapetorch.Size([96]), loaded shapetorch.Size([64]).
Skip loading parameter backbone.C3_p3.conv1.bn.running_var, required shapetorch.Size([96]), loaded shapetorch.Size([64]).
Skip loading parameter backbone.C3_p3.conv2.conv.weight, required shapetorch.Size([96, 384, 1, 1]), loaded shapetorch.Size([64, 256, 1, 1]).
Skip loading parameter backbone.C3_p3.conv2.bn.weight, required shapetorch.Size([96]), loaded shapetorch.Size([64]).
Skip loading parameter backbone.C3_p3.conv2.bn.bias, required shapetorch.Size([96]), loaded shapetorch.Size([64]).
Skip loading parameter backbone.C3_p3.conv2.bn.running_mean, required shapetorch.Size([96]), loaded shapetorch.Size([64]).
Skip loading parameter backbone.C3_p3.conv2.bn.running_var, required shapetorch.Size([96]), loaded shapetorch.Size([64]).
Skip loading parameter backbone.C3_p3.conv3.conv.weight, required shapetorch.Size([192, 192, 1, 1]), loaded shapetorch.Size([128, 128, 1, 1]).
Skip loading parameter backbone.C3_p3.conv3.bn.weight, required shapetorch.Size([192]), loaded shapetorch.Size([128]).
Skip loading parameter backbone.C3_p3.conv3.bn.bias, required shapetorch.Size([192]), loaded shapetorch.Size([128]).
Skip loading parameter backbone.C3_p3.conv3.bn.running_mean, required shapetorch.Size([192]), loaded shapetorch.Size([128]).
Skip loading parameter backbone.C3_p3.conv3.bn.running_var, required shapetorch.Size([192]), loaded shapetorch.Size([128]).
Skip loading parameter backbone.C3_p3.m.0.conv1.conv.weight, required shapetorch.Size([96, 96, 1, 1]), loaded shapetorch.Size([64, 64, 1, 1]).
Skip loading parameter backbone.C3_p3.m.0.conv1.bn.weight, required shapetorch.Size([96]), loaded shapetorch.Size([64]).
Skip loading parameter backbone.C3_p3.m.0.conv1.bn.bias, required shapetorch.Size([96]), loaded shapetorch.Size([64]).
Skip loading parameter backbone.C3_p3.m.0.conv1.bn.running_mean, required shapetorch.Size([96]), loaded shapetorch.Size([64]).
Skip loading parameter backbone.C3_p3.m.0.conv1.bn.running_var, required shapetorch.Size([96]), loaded shapetorch.Size([64]).
Skip loading parameter backbone.C3_p3.m.0.conv2.conv.weight, required shapetorch.Size([96, 96, 3, 3]), loaded shapetorch.Size([64, 64, 3, 3]).
Skip loading parameter backbone.C3_p3.m.0.conv2.bn.weight, required shapetorch.Size([96]), loaded shapetorch.Size([64]).
Skip loading parameter backbone.C3_p3.m.0.conv2.bn.bias, required shapetorch.Size([96]), loaded shapetorch.Size([64]).
Skip loading parameter backbone.C3_p3.m.0.conv2.bn.running_mean, required shapetorch.Size([96]), loaded shapetorch.Size([64]).
Skip loading parameter backbone.C3_p3.m.0.conv2.bn.running_var, required shapetorch.Size([96]), loaded shapetorch.Size([64]).
Skip loading parameter backbone.bu_conv2.conv.weight, required shapetorch.Size([192, 192, 3, 3]), loaded shapetorch.Size([128, 128, 3, 3]).
Skip loading parameter backbone.bu_conv2.bn.weight, required shapetorch.Size([192]), loaded shapetorch.Size([128]).
Skip loading parameter backbone.bu_conv2.bn.bias, required shapetorch.Size([192]), loaded shapetorch.Size([128]).
Skip loading parameter backbone.bu_conv2.bn.running_mean, required shapetorch.Size([192]), loaded shapetorch.Size([128]).
Skip loading parameter backbone.bu_conv2.bn.running_var, required shapetorch.Size([192]), loaded shapetorch.Size([128]).
Skip loading parameter backbone.C3_n3.conv1.conv.weight, required shapetorch.Size([192, 384, 1, 1]), loaded shapetorch.Size([128, 256, 1, 1]).
Skip loading parameter backbone.C3_n3.conv1.bn.weight, required shapetorch.Size([192]), loaded shapetorch.Size([128]).
Skip loading parameter backbone.C3_n3.conv1.bn.bias, required shapetorch.Size([192]), loaded shapetorch.Size([128]).
Skip loading parameter backbone.C3_n3.conv1.bn.running_mean, required shapetorch.Size([192]), loaded shapetorch.Size([128]).
Skip loading parameter backbone.C3_n3.conv1.bn.running_var, required shapetorch.Size([192]), loaded shapetorch.Size([128]).
Skip loading parameter backbone.C3_n3.conv2.conv.weight, required shapetorch.Size([192, 384, 1, 1]), loaded shapetorch.Size([128, 256, 1, 1]).
Skip loading parameter backbone.C3_n3.conv2.bn.weight, required shapetorch.Size([192]), loaded shapetorch.Size([128]).
Skip loading parameter backbone.C3_n3.conv2.bn.bias, required shapetorch.Size([192]), loaded shapetorch.Size([128]).
Skip loading parameter backbone.C3_n3.conv2.bn.running_mean, required shapetorch.Size([192]), loaded shapetorch.Size([128]).
Skip loading parameter backbone.C3_n3.conv2.bn.running_var, required shapetorch.Size([192]), loaded shapetorch.Size([128]).
Skip loading parameter backbone.C3_n3.conv3.conv.weight, required shapetorch.Size([384, 384, 1, 1]), loaded shapetorch.Size([256, 256, 1, 1]).
Skip loading parameter backbone.C3_n3.conv3.bn.weight, required shapetorch.Size([384]), loaded shapetorch.Size([256]).
Skip loading parameter backbone.C3_n3.conv3.bn.bias, required shapetorch.Size([384]), loaded shapetorch.Size([256]).
Skip loading parameter backbone.C3_n3.conv3.bn.running_mean, required shapetorch.Size([384]), loaded shapetorch.Size([256]).
Skip loading parameter backbone.C3_n3.conv3.bn.running_var, required shapetorch.Size([384]), loaded shapetorch.Size([256]).
Skip loading parameter backbone.C3_n3.m.0.conv1.conv.weight, required shapetorch.Size([192, 192, 1, 1]), loaded shapetorch.Size([128, 128, 1, 1]).
Skip loading parameter backbone.C3_n3.m.0.conv1.bn.weight, required shapetorch.Size([192]), loaded shapetorch.Size([128]).
Skip loading parameter backbone.C3_n3.m.0.conv1.bn.bias, required shapetorch.Size([192]), loaded shapetorch.Size([128]).
Skip loading parameter backbone.C3_n3.m.0.conv1.bn.running_mean, required shapetorch.Size([192]), loaded shapetorch.Size([128]).
Skip loading parameter backbone.C3_n3.m.0.conv1.bn.running_var, required shapetorch.Size([192]), loaded shapetorch.Size([128]).
Skip loading parameter backbone.C3_n3.m.0.conv2.conv.weight, required shapetorch.Size([192, 192, 3, 3]), loaded shapetorch.Size([128, 128, 3, 3]).
Skip loading parameter backbone.C3_n3.m.0.conv2.bn.weight, required shapetorch.Size([192]), loaded shapetorch.Size([128]).
Skip loading parameter backbone.C3_n3.m.0.conv2.bn.bias, required shapetorch.Size([192]), loaded shapetorch.Size([128]).
Skip loading parameter backbone.C3_n3.m.0.conv2.bn.running_mean, required shapetorch.Size([192]), loaded shapetorch.Size([128]).
Skip loading parameter backbone.C3_n3.m.0.conv2.bn.running_var, required shapetorch.Size([192]), loaded shapetorch.Size([128]).
Skip loading parameter backbone.bu_conv1.conv.weight, required shapetorch.Size([384, 384, 3, 3]), loaded shapetorch.Size([256, 256, 3, 3]).
Skip loading parameter backbone.bu_conv1.bn.weight, required shapetorch.Size([384]), loaded shapetorch.Size([256]).
Skip loading parameter backbone.bu_conv1.bn.bias, required shapetorch.Size([384]), loaded shapetorch.Size([256]).
Skip loading parameter backbone.bu_conv1.bn.running_mean, required shapetorch.Size([384]), loaded shapetorch.Size([256]).
Skip loading parameter backbone.bu_conv1.bn.running_var, required shapetorch.Size([384]), loaded shapetorch.Size([256]).
Skip loading parameter backbone.C3_n4.conv1.conv.weight, required shapetorch.Size([384, 768, 1, 1]), loaded shapetorch.Size([256, 512, 1, 1]).
Skip loading parameter backbone.C3_n4.conv1.bn.weight, required shapetorch.Size([384]), loaded shapetorch.Size([256]).
Skip loading parameter backbone.C3_n4.conv1.bn.bias, required shapetorch.Size([384]), loaded shapetorch.Size([256]).
Skip loading parameter backbone.C3_n4.conv1.bn.running_mean, required shapetorch.Size([384]), loaded shapetorch.Size([256]).
Skip loading parameter backbone.C3_n4.conv1.bn.running_var, required shapetorch.Size([384]), loaded shapetorch.Size([256]).
Skip loading parameter backbone.C3_n4.conv2.conv.weight, required shapetorch.Size([384, 768, 1, 1]), loaded shapetorch.Size([256, 512, 1, 1]).
Skip loading parameter backbone.C3_n4.conv2.bn.weight, required shapetorch.Size([384]), loaded shapetorch.Size([256]).
Skip loading parameter backbone.C3_n4.conv2.bn.bias, required shapetorch.Size([384]), loaded shapetorch.Size([256]).
Skip loading parameter backbone.C3_n4.conv2.bn.running_mean, required shapetorch.Size([384]), loaded shapetorch.Size([256]).
Skip loading parameter backbone.C3_n4.conv2.bn.running_var, required shapetorch.Size([384]), loaded shapetorch.Size([256]).
Skip loading parameter backbone.C3_n4.conv3.conv.weight, required shapetorch.Size([768, 768, 1, 1]), loaded shapetorch.Size([512, 512, 1, 1]).
Skip loading parameter backbone.C3_n4.conv3.bn.weight, required shapetorch.Size([768]), loaded shapetorch.Size([512]).
Skip loading parameter backbone.C3_n4.conv3.bn.bias, required shapetorch.Size([768]), loaded shapetorch.Size([512]).
Skip loading parameter backbone.C3_n4.conv3.bn.running_mean, required shapetorch.Size([768]), loaded shapetorch.Size([512]).
Skip loading parameter backbone.C3_n4.conv3.bn.running_var, required shapetorch.Size([768]), loaded shapetorch.Size([512]).
Skip loading parameter backbone.C3_n4.m.0.conv1.conv.weight, required shapetorch.Size([384, 384, 1, 1]), loaded shapetorch.Size([256, 256, 1, 1]).
Skip loading parameter backbone.C3_n4.m.0.conv1.bn.weight, required shapetorch.Size([384]), loaded shapetorch.Size([256]).
Skip loading parameter backbone.C3_n4.m.0.conv1.bn.bias, required shapetorch.Size([384]), loaded shapetorch.Size([256]).
Skip loading parameter backbone.C3_n4.m.0.conv1.bn.running_mean, required shapetorch.Size([384]), loaded shapetorch.Size([256]).
Skip loading parameter backbone.C3_n4.m.0.conv1.bn.running_var, required shapetorch.Size([384]), loaded shapetorch.Size([256]).
Skip loading parameter backbone.C3_n4.m.0.conv2.conv.weight, required shapetorch.Size([384, 384, 3, 3]), loaded shapetorch.Size([256, 256, 3, 3]).
Skip loading parameter backbone.C3_n4.m.0.conv2.bn.weight, required shapetorch.Size([384]), loaded shapetorch.Size([256]).
Skip loading parameter backbone.C3_n4.m.0.conv2.bn.bias, required shapetorch.Size([384]), loaded shapetorch.Size([256]).
Skip loading parameter backbone.C3_n4.m.0.conv2.bn.running_mean, required shapetorch.Size([384]), loaded shapetorch.Size([256]).
Skip loading parameter backbone.C3_n4.m.0.conv2.bn.running_var, required shapetorch.Size([384]), loaded shapetorch.Size([256]).
Skip loading parameter head.cls_convs.0.0.conv.weight, required shapetorch.Size([192, 192, 3, 3]), loaded shapetorch.Size([128, 128, 3, 3]).
Skip loading parameter head.cls_convs.0.0.bn.weight, required shapetorch.Size([192]), loaded shapetorch.Size([128]).
Skip loading parameter head.cls_convs.0.0.bn.bias, required shapetorch.Size([192]), loaded shapetorch.Size([128]).
Skip loading parameter head.cls_convs.0.0.bn.running_mean, required shapetorch.Size([192]), loaded shapetorch.Size([128]).
Skip loading parameter head.cls_convs.0.0.bn.running_var, required shapetorch.Size([192]), loaded shapetorch.Size([128]).
Skip loading parameter head.cls_convs.0.1.conv.weight, required shapetorch.Size([192, 192, 3, 3]), loaded shapetorch.Size([128, 128, 3, 3]).
Skip loading parameter head.cls_convs.0.1.bn.weight, required shapetorch.Size([192]), loaded shapetorch.Size([128]).
Skip loading parameter head.cls_convs.0.1.bn.bias, required shapetorch.Size([192]), loaded shapetorch.Size([128]).
Skip loading parameter head.cls_convs.0.1.bn.running_mean, required shapetorch.Size([192]), loaded shapetorch.Size([128]).
Skip loading parameter head.cls_convs.0.1.bn.running_var, required shapetorch.Size([192]), loaded shapetorch.Size([128]).
Skip loading parameter head.cls_convs.1.0.conv.weight, required shapetorch.Size([192, 192, 3, 3]), loaded shapetorch.Size([128, 128, 3, 3]).
Skip loading parameter head.cls_convs.1.0.bn.weight, required shapetorch.Size([192]), loaded shapetorch.Size([128]).
Skip loading parameter head.cls_convs.1.0.bn.bias, required shapetorch.Size([192]), loaded shapetorch.Size([128]).
Skip loading parameter head.cls_convs.1.0.bn.running_mean, required shapetorch.Size([192]), loaded shapetorch.Size([128]).
Skip loading parameter head.cls_convs.1.0.bn.running_var, required shapetorch.Size([192]), loaded shapetorch.Size([128]).
Skip loading parameter head.cls_convs.1.1.conv.weight, required shapetorch.Size([192, 192, 3, 3]), loaded shapetorch.Size([128, 128, 3, 3]).
Skip loading parameter head.cls_convs.1.1.bn.weight, required shapetorch.Size([192]), loaded shapetorch.Size([128]).
Skip loading parameter head.cls_convs.1.1.bn.bias, required shapetorch.Size([192]), loaded shapetorch.Size([128]).
Skip loading parameter head.cls_convs.1.1.bn.running_mean, required shapetorch.Size([192]), loaded shapetorch.Size([128]).
Skip loading parameter head.cls_convs.1.1.bn.running_var, required shapetorch.Size([192]), loaded shapetorch.Size([128]).
Skip loading parameter head.cls_convs.2.0.conv.weight, required shapetorch.Size([192, 192, 3, 3]), loaded shapetorch.Size([128, 128, 3, 3]).
Skip loading parameter head.cls_convs.2.0.bn.weight, required shapetorch.Size([192]), loaded shapetorch.Size([128]).
Skip loading parameter head.cls_convs.2.0.bn.bias, required shapetorch.Size([192]), loaded shapetorch.Size([128]).
Skip loading parameter head.cls_convs.2.0.bn.running_mean, required shapetorch.Size([192]), loaded shapetorch.Size([128]).
Skip loading parameter head.cls_convs.2.0.bn.running_var, required shapetorch.Size([192]), loaded shapetorch.Size([128]).
Skip loading parameter head.cls_convs.2.1.conv.weight, required shapetorch.Size([192, 192, 3, 3]), loaded shapetorch.Size([128, 128, 3, 3]).
Skip loading parameter head.cls_convs.2.1.bn.weight, required shapetorch.Size([192]), loaded shapetorch.Size([128]).
Skip loading parameter head.cls_convs.2.1.bn.bias, required shapetorch.Size([192]), loaded shapetorch.Size([128]).
Skip loading parameter head.cls_convs.2.1.bn.running_mean, required shapetorch.Size([192]), loaded shapetorch.Size([128]).
Skip loading parameter head.cls_convs.2.1.bn.running_var, required shapetorch.Size([192]), loaded shapetorch.Size([128]).
Skip loading parameter head.reg_convs.0.0.conv.weight, required shapetorch.Size([192, 192, 3, 3]), loaded shapetorch.Size([128, 128, 3, 3]).
Skip loading parameter head.reg_convs.0.0.bn.weight, required shapetorch.Size([192]), loaded shapetorch.Size([128]).
Skip loading parameter head.reg_convs.0.0.bn.bias, required shapetorch.Size([192]), loaded shapetorch.Size([128]).
Skip loading parameter head.reg_convs.0.0.bn.running_mean, required shapetorch.Size([192]), loaded shapetorch.Size([128]).
Skip loading parameter head.reg_convs.0.0.bn.running_var, required shapetorch.Size([192]), loaded shapetorch.Size([128]).
Skip loading parameter head.reg_convs.0.1.conv.weight, required shapetorch.Size([192, 192, 3, 3]), loaded shapetorch.Size([128, 128, 3, 3]).
Skip loading parameter head.reg_convs.0.1.bn.weight, required shapetorch.Size([192]), loaded shapetorch.Size([128]).
Skip loading parameter head.reg_convs.0.1.bn.bias, required shapetorch.Size([192]), loaded shapetorch.Size([128]).
Skip loading parameter head.reg_convs.0.1.bn.running_mean, required shapetorch.Size([192]), loaded shapetorch.Size([128]).
Skip loading parameter head.reg_convs.0.1.bn.running_var, required shapetorch.Size([192]), loaded shapetorch.Size([128]).
Skip loading parameter head.reg_convs.1.0.conv.weight, required shapetorch.Size([192, 192, 3, 3]), loaded shapetorch.Size([128, 128, 3, 3]).
Skip loading parameter head.reg_convs.1.0.bn.weight, required shapetorch.Size([192]), loaded shapetorch.Size([128]).
Skip loading parameter head.reg_convs.1.0.bn.bias, required shapetorch.Size([192]), loaded shapetorch.Size([128]).
Skip loading parameter head.reg_convs.1.0.bn.running_mean, required shapetorch.Size([192]), loaded shapetorch.Size([128]).
Skip loading parameter head.reg_convs.1.0.bn.running_var, required shapetorch.Size([192]), loaded shapetorch.Size([128]).
Skip loading parameter head.reg_convs.1.1.conv.weight, required shapetorch.Size([192, 192, 3, 3]), loaded shapetorch.Size([128, 128, 3, 3]).
Skip loading parameter head.reg_convs.1.1.bn.weight, required shapetorch.Size([192]), loaded shapetorch.Size([128]).
Skip loading parameter head.reg_convs.1.1.bn.bias, required shapetorch.Size([192]), loaded shapetorch.Size([128]).
Skip loading parameter head.reg_convs.1.1.bn.running_mean, required shapetorch.Size([192]), loaded shapetorch.Size([128]).
Skip loading parameter head.reg_convs.1.1.bn.running_var, required shapetorch.Size([192]), loaded shapetorch.Size([128]).
Skip loading parameter head.reg_convs.2.0.conv.weight, required shapetorch.Size([192, 192, 3, 3]), loaded shapetorch.Size([128, 128, 3, 3]).
Skip loading parameter head.reg_convs.2.0.bn.weight, required shapetorch.Size([192]), loaded shapetorch.Size([128]).
Skip loading parameter head.reg_convs.2.0.bn.bias, required shapetorch.Size([192]), loaded shapetorch.Size([128]).
Skip loading parameter head.reg_convs.2.0.bn.running_mean, required shapetorch.Size([192]), loaded shapetorch.Size([128]).
Skip loading parameter head.reg_convs.2.0.bn.running_var, required shapetorch.Size([192]), loaded shapetorch.Size([128]).
Skip loading parameter head.reg_convs.2.1.conv.weight, required shapetorch.Size([192, 192, 3, 3]), loaded shapetorch.Size([128, 128, 3, 3]).
Skip loading parameter head.reg_convs.2.1.bn.weight, required shapetorch.Size([192]), loaded shapetorch.Size([128]).
Skip loading parameter head.reg_convs.2.1.bn.bias, required shapetorch.Size([192]), loaded shapetorch.Size([128]).
Skip loading parameter head.reg_convs.2.1.bn.running_mean, required shapetorch.Size([192]), loaded shapetorch.Size([128]).
Skip loading parameter head.reg_convs.2.1.bn.running_var, required shapetorch.Size([192]), loaded shapetorch.Size([128]).
Skip loading parameter head.cls_preds.0.weight, required shapetorch.Size([1, 192, 1, 1]), loaded shapetorch.Size([80, 128, 1, 1]).
Skip loading parameter head.cls_preds.0.bias, required shapetorch.Size([1]), loaded shapetorch.Size([80]).
Skip loading parameter head.cls_preds.1.weight, required shapetorch.Size([1, 192, 1, 1]), loaded shapetorch.Size([80, 128, 1, 1]).
Skip loading parameter head.cls_preds.1.bias, required shapetorch.Size([1]), loaded shapetorch.Size([80]).
Skip loading parameter head.cls_preds.2.weight, required shapetorch.Size([1, 192, 1, 1]), loaded shapetorch.Size([80, 128, 1, 1]).
Skip loading parameter head.cls_preds.2.bias, required shapetorch.Size([1]), loaded shapetorch.Size([80]).
Skip loading parameter head.reg_preds.0.weight, required shapetorch.Size([4, 192, 1, 1]), loaded shapetorch.Size([4, 128, 1, 1]).
Skip loading parameter head.reg_preds.1.weight, required shapetorch.Size([4, 192, 1, 1]), loaded shapetorch.Size([4, 128, 1, 1]).
Skip loading parameter head.reg_preds.2.weight, required shapetorch.Size([4, 192, 1, 1]), loaded shapetorch.Size([4, 128, 1, 1]).
Skip loading parameter head.obj_preds.0.weight, required shapetorch.Size([1, 192, 1, 1]), loaded shapetorch.Size([1, 128, 1, 1]).
Skip loading parameter head.obj_preds.1.weight, required shapetorch.Size([1, 192, 1, 1]), loaded shapetorch.Size([1, 128, 1, 1]).
Skip loading parameter head.obj_preds.2.weight, required shapetorch.Size([1, 192, 1, 1]), loaded shapetorch.Size([1, 128, 1, 1]).
Skip loading parameter head.stems.0.conv.weight, required shapetorch.Size([192, 192, 1, 1]), loaded shapetorch.Size([128, 128, 1, 1]).
Skip loading parameter head.stems.0.bn.weight, required shapetorch.Size([192]), loaded shapetorch.Size([128]).
Skip loading parameter head.stems.0.bn.bias, required shapetorch.Size([192]), loaded shapetorch.Size([128]).
Skip loading parameter head.stems.0.bn.running_mean, required shapetorch.Size([192]), loaded shapetorch.Size([128]).
Skip loading parameter head.stems.0.bn.running_var, required shapetorch.Size([192]), loaded shapetorch.Size([128]).
Skip loading parameter head.stems.1.conv.weight, required shapetorch.Size([192, 384, 1, 1]), loaded shapetorch.Size([128, 256, 1, 1]).
Skip loading parameter head.stems.1.bn.weight, required shapetorch.Size([192]), loaded shapetorch.Size([128]).
Skip loading parameter head.stems.1.bn.bias, required shapetorch.Size([192]), loaded shapetorch.Size([128]).
Skip loading parameter head.stems.1.bn.running_mean, required shapetorch.Size([192]), loaded shapetorch.Size([128]).
Skip loading parameter head.stems.1.bn.running_var, required shapetorch.Size([192]), loaded shapetorch.Size([128]).
Skip loading parameter head.stems.2.conv.weight, required shapetorch.Size([192, 768, 1, 1]), loaded shapetorch.Size([128, 512, 1, 1]).
Skip loading parameter head.stems.2.bn.weight, required shapetorch.Size([192]), loaded shapetorch.Size([128]).
Skip loading parameter head.stems.2.bn.bias, required shapetorch.Size([192]), loaded shapetorch.Size([128]).
Skip loading parameter head.stems.2.bn.running_mean, required shapetorch.Size([192]), loaded shapetorch.Size([128]).
Skip loading parameter head.stems.2.bn.running_var, required shapetorch.Size([192]), loaded shapetorch.Size([128]).
No param backbone.backbone.dark2.1.m.1.conv1.conv.weight.
No param backbone.backbone.dark2.1.m.1.conv1.bn.weight.
No param backbone.backbone.dark2.1.m.1.conv1.bn.bias.
No param backbone.backbone.dark2.1.m.1.conv1.bn.running_mean.
No param backbone.backbone.dark2.1.m.1.conv1.bn.running_var.
No param backbone.backbone.dark2.1.m.1.conv1.bn.num_batches_tracked.
No param backbone.backbone.dark2.1.m.1.conv2.conv.weight.
No param backbone.backbone.dark2.1.m.1.conv2.bn.weight.
No param backbone.backbone.dark2.1.m.1.conv2.bn.bias.
No param backbone.backbone.dark2.1.m.1.conv2.bn.running_mean.
No param backbone.backbone.dark2.1.m.1.conv2.bn.running_var.
No param backbone.backbone.dark2.1.m.1.conv2.bn.num_batches_tracked.
No param backbone.backbone.dark3.1.m.3.conv1.conv.weight.
No param backbone.backbone.dark3.1.m.3.conv1.bn.weight.
No param backbone.backbone.dark3.1.m.3.conv1.bn.bias.
No param backbone.backbone.dark3.1.m.3.conv1.bn.running_mean.
No param backbone.backbone.dark3.1.m.3.conv1.bn.running_var.
No param backbone.backbone.dark3.1.m.3.conv1.bn.num_batches_tracked.
No param backbone.backbone.dark3.1.m.3.conv2.conv.weight.
No param backbone.backbone.dark3.1.m.3.conv2.bn.weight.
No param backbone.backbone.dark3.1.m.3.conv2.bn.bias.
No param backbone.backbone.dark3.1.m.3.conv2.bn.running_mean.
No param backbone.backbone.dark3.1.m.3.conv2.bn.running_var.
No param backbone.backbone.dark3.1.m.3.conv2.bn.num_batches_tracked.
No param backbone.backbone.dark3.1.m.4.conv1.conv.weight.
No param backbone.backbone.dark3.1.m.4.conv1.bn.weight.
No param backbone.backbone.dark3.1.m.4.conv1.bn.bias.
No param backbone.backbone.dark3.1.m.4.conv1.bn.running_mean.
No param backbone.backbone.dark3.1.m.4.conv1.bn.running_var.
No param backbone.backbone.dark3.1.m.4.conv1.bn.num_batches_tracked.
No param backbone.backbone.dark3.1.m.4.conv2.conv.weight.
No param backbone.backbone.dark3.1.m.4.conv2.bn.weight.
No param backbone.backbone.dark3.1.m.4.conv2.bn.bias.
No param backbone.backbone.dark3.1.m.4.conv2.bn.running_mean.
No param backbone.backbone.dark3.1.m.4.conv2.bn.running_var.
No param backbone.backbone.dark3.1.m.4.conv2.bn.num_batches_tracked.
No param backbone.backbone.dark3.1.m.5.conv1.conv.weight.
No param backbone.backbone.dark3.1.m.5.conv1.bn.weight.
No param backbone.backbone.dark3.1.m.5.conv1.bn.bias.
No param backbone.backbone.dark3.1.m.5.conv1.bn.running_mean.
No param backbone.backbone.dark3.1.m.5.conv1.bn.running_var.
No param backbone.backbone.dark3.1.m.5.conv1.bn.num_batches_tracked.
No param backbone.backbone.dark3.1.m.5.conv2.conv.weight.
No param backbone.backbone.dark3.1.m.5.conv2.bn.weight.
No param backbone.backbone.dark3.1.m.5.conv2.bn.bias.
No param backbone.backbone.dark3.1.m.5.conv2.bn.running_mean.
No param backbone.backbone.dark3.1.m.5.conv2.bn.running_var.
No param backbone.backbone.dark3.1.m.5.conv2.bn.num_batches_tracked.
No param backbone.backbone.dark4.1.m.3.conv1.conv.weight.
No param backbone.backbone.dark4.1.m.3.conv1.bn.weight.
No param backbone.backbone.dark4.1.m.3.conv1.bn.bias.
No param backbone.backbone.dark4.1.m.3.conv1.bn.running_mean.
No param backbone.backbone.dark4.1.m.3.conv1.bn.running_var.
No param backbone.backbone.dark4.1.m.3.conv1.bn.num_batches_tracked.
No param backbone.backbone.dark4.1.m.3.conv2.conv.weight.
No param backbone.backbone.dark4.1.m.3.conv2.bn.weight.
No param backbone.backbone.dark4.1.m.3.conv2.bn.bias.
No param backbone.backbone.dark4.1.m.3.conv2.bn.running_mean.
No param backbone.backbone.dark4.1.m.3.conv2.bn.running_var.
No param backbone.backbone.dark4.1.m.3.conv2.bn.num_batches_tracked.
No param backbone.backbone.dark4.1.m.4.conv1.conv.weight.
No param backbone.backbone.dark4.1.m.4.conv1.bn.weight.
No param backbone.backbone.dark4.1.m.4.conv1.bn.bias.
No param backbone.backbone.dark4.1.m.4.conv1.bn.running_mean.
No param backbone.backbone.dark4.1.m.4.conv1.bn.running_var.
No param backbone.backbone.dark4.1.m.4.conv1.bn.num_batches_tracked.
No param backbone.backbone.dark4.1.m.4.conv2.conv.weight.
No param backbone.backbone.dark4.1.m.4.conv2.bn.weight.
No param backbone.backbone.dark4.1.m.4.conv2.bn.bias.
No param backbone.backbone.dark4.1.m.4.conv2.bn.running_mean.
No param backbone.backbone.dark4.1.m.4.conv2.bn.running_var.
No param backbone.backbone.dark4.1.m.4.conv2.bn.num_batches_tracked.
No param backbone.backbone.dark4.1.m.5.conv1.conv.weight.
No param backbone.backbone.dark4.1.m.5.conv1.bn.weight.
No param backbone.backbone.dark4.1.m.5.conv1.bn.bias.
No param backbone.backbone.dark4.1.m.5.conv1.bn.running_mean.
No param backbone.backbone.dark4.1.m.5.conv1.bn.running_var.
No param backbone.backbone.dark4.1.m.5.conv1.bn.num_batches_tracked.
No param backbone.backbone.dark4.1.m.5.conv2.conv.weight.
No param backbone.backbone.dark4.1.m.5.conv2.bn.weight.
No param backbone.backbone.dark4.1.m.5.conv2.bn.bias.
No param backbone.backbone.dark4.1.m.5.conv2.bn.running_mean.
No param backbone.backbone.dark4.1.m.5.conv2.bn.running_var.
No param backbone.backbone.dark4.1.m.5.conv2.bn.num_batches_tracked.
No param backbone.backbone.dark5.2.m.1.conv1.conv.weight.
No param backbone.backbone.dark5.2.m.1.conv1.bn.weight.
No param backbone.backbone.dark5.2.m.1.conv1.bn.bias.
No param backbone.backbone.dark5.2.m.1.conv1.bn.running_mean.
No param backbone.backbone.dark5.2.m.1.conv1.bn.running_var.
No param backbone.backbone.dark5.2.m.1.conv1.bn.num_batches_tracked.
No param backbone.backbone.dark5.2.m.1.conv2.conv.weight.
No param backbone.backbone.dark5.2.m.1.conv2.bn.weight.
No param backbone.backbone.dark5.2.m.1.conv2.bn.bias.
No param backbone.backbone.dark5.2.m.1.conv2.bn.running_mean.
No param backbone.backbone.dark5.2.m.1.conv2.bn.running_var.
No param backbone.backbone.dark5.2.m.1.conv2.bn.num_batches_tracked.
No param backbone.C3_p4.m.1.conv1.conv.weight.
No param backbone.C3_p4.m.1.conv1.bn.weight.
No param backbone.C3_p4.m.1.conv1.bn.bias.
No param backbone.C3_p4.m.1.conv1.bn.running_mean.
No param backbone.C3_p4.m.1.conv1.bn.running_var.
No param backbone.C3_p4.m.1.conv1.bn.num_batches_tracked.
No param backbone.C3_p4.m.1.conv2.conv.weight.
No param backbone.C3_p4.m.1.conv2.bn.weight.
No param backbone.C3_p4.m.1.conv2.bn.bias.
No param backbone.C3_p4.m.1.conv2.bn.running_mean.
No param backbone.C3_p4.m.1.conv2.bn.running_var.
No param backbone.C3_p4.m.1.conv2.bn.num_batches_tracked.
No param backbone.C3_p3.m.1.conv1.conv.weight.
No param backbone.C3_p3.m.1.conv1.bn.weight.
No param backbone.C3_p3.m.1.conv1.bn.bias.
No param backbone.C3_p3.m.1.conv1.bn.running_mean.
No param backbone.C3_p3.m.1.conv1.bn.running_var.
No param backbone.C3_p3.m.1.conv1.bn.num_batches_tracked.
No param backbone.C3_p3.m.1.conv2.conv.weight.
No param backbone.C3_p3.m.1.conv2.bn.weight.
No param backbone.C3_p3.m.1.conv2.bn.bias.
No param backbone.C3_p3.m.1.conv2.bn.running_mean.
No param backbone.C3_p3.m.1.conv2.bn.running_var.
No param backbone.C3_p3.m.1.conv2.bn.num_batches_tracked.
No param backbone.C3_n3.m.1.conv1.conv.weight.
No param backbone.C3_n3.m.1.conv1.bn.weight.
No param backbone.C3_n3.m.1.conv1.bn.bias.
No param backbone.C3_n3.m.1.conv1.bn.running_mean.
No param backbone.C3_n3.m.1.conv1.bn.running_var.
No param backbone.C3_n3.m.1.conv1.bn.num_batches_tracked.
No param backbone.C3_n3.m.1.conv2.conv.weight.
No param backbone.C3_n3.m.1.conv2.bn.weight.
No param backbone.C3_n3.m.1.conv2.bn.bias.
No param backbone.C3_n3.m.1.conv2.bn.running_mean.
No param backbone.C3_n3.m.1.conv2.bn.running_var.
No param backbone.C3_n3.m.1.conv2.bn.num_batches_tracked.
No param backbone.C3_n4.m.1.conv1.conv.weight.
No param backbone.C3_n4.m.1.conv1.bn.weight.
No param backbone.C3_n4.m.1.conv1.bn.bias.
No param backbone.C3_n4.m.1.conv1.bn.running_mean.
No param backbone.C3_n4.m.1.conv1.bn.running_var.
No param backbone.C3_n4.m.1.conv1.bn.num_batches_tracked.
No param backbone.C3_n4.m.1.conv2.conv.weight.
No param backbone.C3_n4.m.1.conv2.bn.weight.
No param backbone.C3_n4.m.1.conv2.bn.bias.
No param backbone.C3_n4.m.1.conv2.bn.running_mean.
No param backbone.C3_n4.m.1.conv2.bn.running_var.
No param backbone.C3_n4.m.1.conv2.bn.num_batches_tracked.
No param head.s_det.
No param head.s_id.
No param head.feature_map.p3_deform_conv_2.actf.0.weight.
No param head.feature_map.p3_deform_conv_2.actf.0.bias.
No param head.feature_map.p3_deform_conv_2.actf.0.running_mean.
No param head.feature_map.p3_deform_conv_2.actf.0.running_var.
No param head.feature_map.p3_deform_conv_2.actf.0.num_batches_tracked.
No param head.feature_map.p3_deform_conv_2.conv.weight.
No param head.feature_map.p3_deform_conv_2.conv.bias.
No param head.feature_map.p3_deform_conv_2.conv.conv_offset_mask.weight.
No param head.feature_map.p3_deform_conv_2.conv.conv_offset_mask.bias.
No param head.feature_map.p2_deform_conv_1.actf.0.weight.
No param head.feature_map.p2_deform_conv_1.actf.0.bias.
No param head.feature_map.p2_deform_conv_1.actf.0.running_mean.
No param head.feature_map.p2_deform_conv_1.actf.0.running_var.
No param head.feature_map.p2_deform_conv_1.actf.0.num_batches_tracked.
No param head.feature_map.p2_deform_conv_1.conv.weight.
No param head.feature_map.p2_deform_conv_1.conv.bias.
No param head.feature_map.p2_deform_conv_1.conv.conv_offset_mask.weight.
No param head.feature_map.p2_deform_conv_1.conv.conv_offset_mask.bias.
No param head.feature_map.p1_deform_conv_1.actf.0.weight.
No param head.feature_map.p1_deform_conv_1.actf.0.bias.
No param head.feature_map.p1_deform_conv_1.actf.0.running_mean.
No param head.feature_map.p1_deform_conv_1.actf.0.running_var.
No param head.feature_map.p1_deform_conv_1.actf.0.num_batches_tracked.
No param head.feature_map.p1_deform_conv_1.conv.weight.
No param head.feature_map.p1_deform_conv_1.conv.bias.
No param head.feature_map.p1_deform_conv_1.conv.conv_offset_mask.weight.
No param head.feature_map.p1_deform_conv_1.conv.conv_offset_mask.bias.
No param head.feature_map.p2_deform_conv_2.actf.0.weight.
No param head.feature_map.p2_deform_conv_2.actf.0.bias.
No param head.feature_map.p2_deform_conv_2.actf.0.running_mean.
No param head.feature_map.p2_deform_conv_2.actf.0.running_var.
No param head.feature_map.p2_deform_conv_2.actf.0.num_batches_tracked.
No param head.feature_map.p2_deform_conv_2.conv.weight.
No param head.feature_map.p2_deform_conv_2.conv.bias.
No param head.feature_map.p2_deform_conv_2.conv.conv_offset_mask.weight.
No param head.feature_map.p2_deform_conv_2.conv.conv_offset_mask.bias.
No param head.feature_map.p1_deform_conv_2.actf.0.weight.
No param head.feature_map.p1_deform_conv_2.actf.0.bias.
No param head.feature_map.p1_deform_conv_2.actf.0.running_mean.
No param head.feature_map.p1_deform_conv_2.actf.0.running_var.
No param head.feature_map.p1_deform_conv_2.actf.0.num_batches_tracked.
No param head.feature_map.p1_deform_conv_2.conv.weight.
No param head.feature_map.p1_deform_conv_2.conv.bias.
No param head.feature_map.p1_deform_conv_2.conv.conv_offset_mask.weight.
No param head.feature_map.p1_deform_conv_2.conv.conv_offset_mask.bias.
No param head.id_classifiers.0.weight.
No param head.id_classifiers.0.bias.
Starting training...
/home/fatih/miniconda3/envs/fairmot-x/lib/python3.10/site-packages/torch/functional.py:504: UserWarning: torch.meshgrid: in an upcoming release, it will be required to pass the indexing argument. (Triggered internally at /opt/conda/conda-bld/pytorch_1670525541990/work/aten/src/ATen/native/TensorShape.cpp:3190.)
  return _VF.meshgrid(tensors, **kwargs)  # type: ignore[attr-defined]
Drop LR to 0.0001
No Mosaic from Epoch 15 - Now Using L1 Loss
/opt/conda/conda-bld/pytorch_1670525541990/work/aten/src/ATen/native/cuda/Loss.cu:92: operator(): block: [106,0,0], thread: [0,0,0] Assertion `input_val >= zero && input_val <= one` failed.
/opt/conda/conda-bld/pytorch_1670525541990/work/aten/src/ATen/native/cuda/Loss.cu:92: operator(): block: [106,0,0], thread: [1,0,0] Assertion `input_val >= zero && input_val <= one` failed.
/opt/conda/conda-bld/pytorch_1670525541990/work/aten/src/ATen/native/cuda/Loss.cu:92: operator(): block: [106,0,0], thread: [2,0,0] Assertion `input_val >= zero && input_val <= one` failed.
/opt/conda/conda-bld/pytorch_1670525541990/work/aten/src/ATen/native/cuda/Loss.cu:92: operator(): block: [106,0,0], thread: [3,0,0] Assertion `input_val >= zero && input_val <= one` failed.
/opt/conda/conda-bld/pytorch_1670525541990/work/aten/src/ATen/native/cuda/Loss.cu:92: operator(): block: [106,0,0], thread: [4,0,0] Assertion `input_val >= zero && input_val <= one` failed.
/opt/conda/conda-bld/pytorch_1670525541990/work/aten/src/ATen/native/cuda/Loss.cu:92: operator(): block: [106,0,0], thread: [5,0,0] Assertion `input_val >= zero && input_val <= one` failed.
/opt/conda/conda-bld/pytorch_1670525541990/work/aten/src/ATen/native/cuda/Loss.cu:92: operator(): block: [106,0,0], thread: [6,0,0] Assertion `input_val >= zero && input_val <= one` failed.
/opt/conda/conda-bld/pytorch_1670525541990/work/aten/src/ATen/native/cuda/Loss.cu:92: operator(): block: [106,0,0], thread: [7,0,0] Assertion `input_val >= zero && input_val <= one` failed.
/opt/conda/conda-bld/pytorch_1670525541990/work/aten/src/ATen/native/cuda/Loss.cu:92: operator(): block: [106,0,0], thread: [8,0,0] Assertion `input_val >= zero && input_val <= one` failed.
/opt/conda/conda-bld/pytorch_1670525541990/work/aten/src/ATen/native/cuda/Loss.cu:92: operator(): block: [106,0,0], thread: [9,0,0] Assertion `input_val >= zero && input_val <= one` failed.
/opt/conda/conda-bld/pytorch_1670525541990/work/aten/src/ATen/native/cuda/Loss.cu:92: operator(): block: [106,0,0], thread: [10,0,0] Assertion `input_val >= zero && input_val <= one` failed.
/opt/conda/conda-bld/pytorch_1670525541990/work/aten/src/ATen/native/cuda/Loss.cu:92: operator(): block: [106,0,0], thread: [11,0,0] Assertion `input_val >= zero && input_val <= one` failed.
/opt/conda/conda-bld/pytorch_1670525541990/work/aten/src/ATen/native/cuda/Loss.cu:92: operator(): block: [106,0,0], thread: [12,0,0] Assertion `input_val >= zero && input_val <= one` failed.
/opt/conda/conda-bld/pytorch_1670525541990/work/aten/src/ATen/native/cuda/Loss.cu:92: operator(): block: [106,0,0], thread: [13,0,0] Assertion `input_val >= zero && input_val <= one` failed.
/opt/conda/conda-bld/pytorch_1670525541990/work/aten/src/ATen/native/cuda/Loss.cu:92: operator(): block: [106,0,0], thread: [14,0,0] Assertion `input_val >= zero && input_val <= one` failed.
/opt/conda/conda-bld/pytorch_1670525541990/work/aten/src/ATen/native/cuda/Loss.cu:92: operator(): block: [106,0,0], thread: [15,0,0] Assertion `input_val >= zero && input_val <= one` failed.
/opt/conda/conda-bld/pytorch_1670525541990/work/aten/src/ATen/native/cuda/Loss.cu:92: operator(): block: [106,0,0], thread: [16,0,0] Assertion `input_val >= zero && input_val <= one` failed.
/opt/conda/conda-bld/pytorch_1670525541990/work/aten/src/ATen/native/cuda/Loss.cu:92: operator(): block: [106,0,0], thread: [17,0,0] Assertion `input_val >= zero && input_val <= one` failed.
/opt/conda/conda-bld/pytorch_1670525541990/work/aten/src/ATen/native/cuda/Loss.cu:92: operator(): block: [106,0,0], thread: [18,0,0] Assertion `input_val >= zero && input_val <= one` failed.
/opt/conda/conda-bld/pytorch_1670525541990/work/aten/src/ATen/native/cuda/Loss.cu:92: operator(): block: [106,0,0], thread: [19,0,0] Assertion `input_val >= zero && input_val <= one` failed.
/opt/conda/conda-bld/pytorch_1670525541990/work/aten/src/ATen/native/cuda/Loss.cu:92: operator(): block: [106,0,0], thread: [20,0,0] Assertion `input_val >= zero && input_val <= one` failed.
/opt/conda/conda-bld/pytorch_1670525541990/work/aten/src/ATen/native/cuda/Loss.cu:92: operator(): block: [106,0,0], thread: [21,0,0] Assertion `input_val >= zero && input_val <= one` failed.
/opt/conda/conda-bld/pytorch_1670525541990/work/aten/src/ATen/native/cuda/Loss.cu:92: operator(): block: [106,0,0], thread: [22,0,0] Assertion `input_val >= zero && input_val <= one` failed.
/opt/conda/conda-bld/pytorch_1670525541990/work/aten/src/ATen/native/cuda/Loss.cu:92: operator(): block: [106,0,0], thread: [23,0,0] Assertion `input_val >= zero && input_val <= one` failed.
/opt/conda/conda-bld/pytorch_1670525541990/work/aten/src/ATen/native/cuda/Loss.cu:92: operator(): block: [106,0,0], thread: [24,0,0] Assertion `input_val >= zero && input_val <= one` failed.
/opt/conda/conda-bld/pytorch_1670525541990/work/aten/src/ATen/native/cuda/Loss.cu:92: operator(): block: [106,0,0], thread: [25,0,0] Assertion `input_val >= zero && input_val <= one` failed.
/opt/conda/conda-bld/pytorch_1670525541990/work/aten/src/ATen/native/cuda/Loss.cu:92: operator(): block: [106,0,0], thread: [26,0,0] Assertion `input_val >= zero && input_val <= one` failed.
/opt/conda/conda-bld/pytorch_1670525541990/work/aten/src/ATen/native/cuda/Loss.cu:92: operator(): block: [106,0,0], thread: [27,0,0] Assertion `input_val >= zero && input_val <= one` failed.
/opt/conda/conda-bld/pytorch_1670525541990/work/aten/src/ATen/native/cuda/Loss.cu:92: operator(): block: [106,0,0], thread: [28,0,0] Assertion `input_val >= zero && input_val <= one` failed.
/opt/conda/conda-bld/pytorch_1670525541990/work/aten/src/ATen/native/cuda/Loss.cu:92: operator(): block: [106,0,0], thread: [29,0,0] Assertion `input_val >= zero && input_val <= one` failed.
/opt/conda/conda-bld/pytorch_1670525541990/work/aten/src/ATen/native/cuda/Loss.cu:92: operator(): block: [106,0,0], thread: [30,0,0] Assertion `input_val >= zero && input_val <= one` failed.
/opt/conda/conda-bld/pytorch_1670525541990/work/aten/src/ATen/native/cuda/Loss.cu:92: operator(): block: [106,0,0], thread: [31,0,0] Assertion `input_val >= zero && input_val <= one` failed.
experiments/train_mot20-sompt22.sh: line 8: 111514 Aborted                 (core dumped) python ./src/train.py mot --exp_id mot20-sompt22 --yolo_depth 0.67 --yolo_width 0.75 --lr 1e-3 --lr_step 2 --reid_dim 128 --augment --mosaic --load_model /home/fatih/phd/FairCenterMOT/models/yolox_s.pth --batch_size 4 --gpus 0 --data_cfg /home/fatih/phd/FairCenterMOT/src/lib/cfg/mot20-sompt22.json --reid_cls_id 0 --num_epochs 150 --num_workers 8
